"../../../Engine/Content/EditorResources/S_Actor.ubulk" 0
"../../../Engine/Content/EditorResources/S_Actor.uasset" 1
"../../../Engine/Content/EditorResources/S_Actor.uexp" 2
"../../../Engine/Content/EditorResources/S_BoxReflectionCapture.uasset" 3
"../../../Engine/Content/EditorResources/S_BoxReflectionCapture.uexp" 4
"../../../Engine/Content/EngineResources/DefaultTexture.ubulk" 5
"../../../Engine/Content/EngineResources/DefaultTexture.uasset" 6
"../../../Engine/Content/EngineResources/DefaultTexture.uexp" 7
"../../../Engine/Content/EngineResources/DefaultTextureCube.uasset" 8
"../../../Engine/Content/EngineResources/DefaultTextureCube.uexp" 9
"../../../Engine/Content/EngineResources/DefaultVolumeTexture2D.uasset" 10
"../../../Engine/Content/EngineResources/DefaultVolumeTexture2D.uexp" 11
"../../../Engine/Content/EngineResources/DefaultVolumeTexture.uasset" 12
"../../../Engine/Content/EngineResources/DefaultVolumeTexture.uexp" 13
"../../../Engine/Content/EditorResources/S_Trigger.ubulk" 14
"../../../Engine/Content/EditorResources/S_Trigger.uasset" 15
"../../../Engine/Content/EditorResources/S_Trigger.uexp" 16
"../../../Engine/Content/EditorResources/S_TriggerBox.uasset" 17
"../../../Engine/Content/EditorResources/S_TriggerBox.uexp" 18
"../../../Engine/Content/EditorResources/S_TriggerCapsule.uasset" 19
"../../../Engine/Content/EditorResources/S_TriggerCapsule.uexp" 20
"../../../Engine/Content/EditorResources/S_TriggerSphere.uasset" 21
"../../../Engine/Content/EditorResources/S_TriggerSphere.uexp" 22
"../../../Engine/Content/EngineMeshes/Sphere.ubulk" 23
"../../../Engine/Content/EngineMeshes/Sphere.uasset" 24
"../../../Engine/Content/EngineMeshes/Sphere.uexp" 25
"../../../Engine/Content/EngineResources/GradientTexture0.uasset" 26
"../../../Engine/Content/EngineResources/GradientTexture0.uexp" 27
"../../../Engine/Content/EngineResources/Black.uasset" 28
"../../../Engine/Content/EngineResources/Black.uexp" 29
"../../../Engine/Content/VREditor/LaserPointer/VR_LaserPower_01.ubulk" 30
"../../../Engine/Content/VREditor/LaserPointer/VR_LaserPower_01.uasset" 31
"../../../Engine/Content/VREditor/LaserPointer/VR_LaserPower_01.uexp" 32
"../../../Engine/Content/VREditor/TransformGizmo/TransformGizmoMaterial.uasset" 33
"../../../Engine/Content/VREditor/TransformGizmo/TransformGizmoMaterial.uexp" 34
"../../../Engine/Content/VREditor/TransformGizmo/TranslucentTransformGizmoMaterial.uasset" 35
"../../../Engine/Content/VREditor/TransformGizmo/TranslucentTransformGizmoMaterial.uexp" 36
"../../../Engine/Content/VREditor/TransformGizmo/PlaneTranslationHandle.ubulk" 37
"../../../Engine/Content/VREditor/TransformGizmo/PlaneTranslationHandle.uasset" 38
"../../../Engine/Content/VREditor/TransformGizmo/PlaneTranslationHandle.uexp" 39
"../../../Engine/Content/VREditor/TransformGizmo/BoundingBoxCorner.ubulk" 40
"../../../Engine/Content/VREditor/TransformGizmo/BoundingBoxCorner.uasset" 41
"../../../Engine/Content/VREditor/TransformGizmo/BoundingBoxCorner.uexp" 42
"../../../Engine/Content/VREditor/TransformGizmo/BoundingBoxEdge.ubulk" 43
"../../../Engine/Content/VREditor/TransformGizmo/BoundingBoxEdge.uasset" 44
"../../../Engine/Content/VREditor/TransformGizmo/BoundingBoxEdge.uexp" 45
"../../../Engine/Content/VREditor/TransformGizmo/Main.uasset" 46
"../../../Engine/Content/VREditor/TransformGizmo/Main.uexp" 47
"../../../Engine/Content/VREditor/TransformGizmo/Xray.uasset" 48
"../../../Engine/Content/VREditor/TransformGizmo/Xray.uexp" 49
"../../../Engine/Content/VREditor/TransformGizmo/SM_Sequencer_Node.ubulk" 50
"../../../Engine/Content/VREditor/TransformGizmo/SM_Sequencer_Node.uasset" 51
"../../../Engine/Content/VREditor/TransformGizmo/SM_Sequencer_Node.uexp" 52
"../../../Engine/Content/EditorMaterials/Camera/CineMat.uasset" 53
"../../../Engine/Content/EditorMaterials/Camera/CineMat.uexp" 54
"../../../Engine/Content/EditorMaterials/Camera/MI_CineMat_Rig.uasset" 55
"../../../Engine/Content/EditorMaterials/Camera/MI_CineMat_Rig.uexp" 56
"../../../Engine/Content/EditorMeshes/Camera/SM_CraneRig_Base.ubulk" 57
"../../../Engine/Content/EditorMeshes/Camera/SM_CraneRig_Base.uasset" 58
"../../../Engine/Content/EditorMeshes/Camera/SM_CraneRig_Base.uexp" 59
"../../../Engine/Content/EditorMeshes/Camera/SM_CraneRig_Arm.ubulk" 60
"../../../Engine/Content/EditorMeshes/Camera/SM_CraneRig_Arm.uasset" 61
"../../../Engine/Content/EditorMeshes/Camera/SM_CraneRig_Arm.uexp" 62
"../../../Engine/Content/EditorMeshes/Camera/SM_CraneRig_Mount.ubulk" 63
"../../../Engine/Content/EditorMeshes/Camera/SM_CraneRig_Mount.uasset" 64
"../../../Engine/Content/EditorMeshes/Camera/SM_CraneRig_Mount.uexp" 65
"../../../Engine/Content/EditorMeshes/Camera/SM_CraneRig_Body.ubulk" 66
"../../../Engine/Content/EditorMeshes/Camera/SM_CraneRig_Body.uasset" 67
"../../../Engine/Content/EditorMeshes/Camera/SM_CraneRig_Body.uexp" 68
"../../../Engine/Content/EditorMeshes/Camera/SM_RailRig_Track.ubulk" 69
"../../../Engine/Content/EditorMeshes/Camera/SM_RailRig_Track.uasset" 70
"../../../Engine/Content/EditorMeshes/Camera/SM_RailRig_Track.uexp" 71
"../../../Engine/Content/EditorMeshes/Camera/SM_RailRig_Mount.ubulk" 72
"../../../Engine/Content/EditorMeshes/Camera/SM_RailRig_Mount.uasset" 73
"../../../Engine/Content/EditorMeshes/Camera/SM_RailRig_Mount.uexp" 74
"../../../Engine/Content/EngineMaterials/T_Default_Material_Grid_M.ubulk" 75
"../../../Engine/Content/EngineMaterials/T_Default_Material_Grid_M.uasset" 76
"../../../Engine/Content/EngineMaterials/T_Default_Material_Grid_M.uexp" 77
"../../../Engine/Content/EngineMaterials/T_Default_Material_Grid_N.ubulk" 78
"../../../Engine/Content/EngineMaterials/T_Default_Material_Grid_N.uasset" 79
"../../../Engine/Content/EngineMaterials/T_Default_Material_Grid_N.uexp" 80
"../../../Engine/Content/Functions/Engine_MaterialFunctions01/Opacity/CameraDepthFade.uasset" 81
"../../../Engine/Content/Functions/Engine_MaterialFunctions01/Opacity/CameraDepthFade.uexp" 82
"../../../Engine/Content/EngineMaterials/WorldGridMaterial.uasset" 83
"../../../Engine/Content/EngineMaterials/WorldGridMaterial.uexp" 84
"../../../Engine/Content/ArtTools/RenderToTexture/Meshes/S_1_Unit_Plane.ubulk" 85
"../../../Engine/Content/ArtTools/RenderToTexture/Meshes/S_1_Unit_Plane.uasset" 86
"../../../Engine/Content/ArtTools/RenderToTexture/Meshes/S_1_Unit_Plane.uexp" 87
"../../../Engine/Content/EditorMaterials/ParticleSystems/PSysThumbnail_NoImage.ubulk" 88
"../../../Engine/Content/EditorMaterials/ParticleSystems/PSysThumbnail_NoImage.uasset" 89
"../../../Engine/Content/EditorMaterials/ParticleSystems/PSysThumbnail_NoImage.uexp" 90
"../../../Engine/Content/EditorMaterials/ParticleSystems/PSysThumbnail_OOD.ubulk" 91
"../../../Engine/Content/EditorMaterials/ParticleSystems/PSysThumbnail_OOD.uasset" 92
"../../../Engine/Content/EditorMaterials/ParticleSystems/PSysThumbnail_OOD.uexp" 93
"../../../Engine/Content/EditorLandscapeResources/SplineEditorMeshMat.uasset" 94
"../../../Engine/Content/EditorLandscapeResources/SplineEditorMeshMat.uexp" 95
"../../../Engine/Content/EditorLandscapeResources/SplineEditorMesh.ubulk" 96
"../../../Engine/Content/EditorLandscapeResources/SplineEditorMesh.uasset" 97
"../../../Engine/Content/EditorLandscapeResources/SplineEditorMesh.uexp" 98
"../../../Engine/Content/EditorResources/S_Solver.ubulk" 99
"../../../Engine/Content/EditorResources/S_Solver.uasset" 100
"../../../Engine/Content/EditorResources/S_Solver.uexp" 101
"../../../Engine/Plugins/Media/MediaPlate/Content/SM_MediaPlateScreen.ubulk" 102
"../../../Engine/Plugins/Media/MediaPlate/Content/SM_MediaPlateScreen.uasset" 103
"../../../Engine/Plugins/Media/MediaPlate/Content/SM_MediaPlateScreen.uexp" 104
"../../../Engine/Content/EngineMaterials/Good64x64TilingNoiseHighFreq.uasset" 105
"../../../Engine/Content/EngineMaterials/Good64x64TilingNoiseHighFreq.uexp" 106
"../../../Engine/Content/EngineMaterials/DefaultBokeh.uasset" 107
"../../../Engine/Content/EngineMaterials/DefaultBokeh.uexp" 108
"../../../Engine/Content/EngineMaterials/PreintegratedSkinBRDF.uasset" 109
"../../../Engine/Content/EngineMaterials/PreintegratedSkinBRDF.uexp" 110
"../../../Engine/Content/EngineMaterials/MiniFont.uasset" 111
"../../../Engine/Content/EngineMaterials/MiniFont.uexp" 112
"../../../Engine/Content/EngineMaterials/WeightMapPlaceholderTexture.uasset" 113
"../../../Engine/Content/EngineMaterials/WeightMapPlaceholderTexture.uexp" 114
"../../../Engine/Content/EngineMaterials/DefaultWhiteGrid.ubulk" 115
"../../../Engine/Content/EngineMaterials/DefaultWhiteGrid.uasset" 116
"../../../Engine/Content/EngineMaterials/DefaultWhiteGrid.uexp" 117
"../../../Engine/Plugins/2D/Paper2D/Content/PlaceholderTextures/DummySpriteTexture.ubulk" 118
"../../../Engine/Plugins/2D/Paper2D/Content/PlaceholderTextures/DummySpriteTexture.uasset" 119
"../../../Engine/Plugins/2D/Paper2D/Content/PlaceholderTextures/DummySpriteTexture.uexp" 120
"../../../Engine/Plugins/2D/Paper2D/Content/DefaultSpriteMaterial.uasset" 121
"../../../Engine/Plugins/2D/Paper2D/Content/DefaultSpriteMaterial.uexp" 122
"../../../Engine/Plugins/2D/Paper2D/Content/OpaqueUnlitSpriteMaterial.uasset" 123
"../../../Engine/Plugins/2D/Paper2D/Content/OpaqueUnlitSpriteMaterial.uexp" 124
"../../../Engine/Plugins/2D/Paper2D/Content/MaskedUnlitSpriteMaterial.uasset" 125
"../../../Engine/Plugins/2D/Paper2D/Content/MaskedUnlitSpriteMaterial.uexp" 126
"../../../Engine/Plugins/2D/Paper2D/Content/DummySprite.uasset" 127
"../../../Engine/Plugins/2D/Paper2D/Content/DummySprite.uexp" 128
"../../../Engine/Plugins/2D/Paper2D/Content/DefaultPaperTerrainMaterial.uasset" 129
"../../../Engine/Plugins/2D/Paper2D/Content/DefaultPaperTerrainMaterial.uexp" 130
"../../../Engine/Content/Functions/Engine_MaterialFunctions02/WorldPositionOffset/CameraOffset.uasset" 131
"../../../Engine/Content/Functions/Engine_MaterialFunctions02/WorldPositionOffset/CameraOffset.uexp" 132
"../../../Engine/Plugins/Animation/ControlRig/Content/M_Manip.uasset" 133
"../../../Engine/Plugins/Animation/ControlRig/Content/M_Manip.uexp" 134
"C:/Users/qtare/Perforce/qtareen_MSI_2539/12/MimicChest/ActionChaos/Content/Audio/Snow.ubulk" 135
"C:/Users/qtare/Perforce/qtareen_MSI_2539/12/MimicChest/ActionChaos/Content/Audio/Snow.uasset" 136
"C:/Users/qtare/Perforce/qtareen_MSI_2539/12/MimicChest/ActionChaos/Content/Audio/Snow.uexp" 137
"C:/Users/qtare/Perforce/qtareen_MSI_2539/12/MimicChest/ActionChaos/Content/Audio/Sand.ubulk" 138
"C:/Users/qtare/Perforce/qtareen_MSI_2539/12/MimicChest/ActionChaos/Content/Audio/Sand.uasset" 139
"C:/Users/qtare/Perforce/qtareen_MSI_2539/12/MimicChest/ActionChaos/Content/Audio/Sand.uexp" 140
"C:/Users/qtare/Perforce/qtareen_MSI_2539/12/MimicChest/ActionChaos/Content/Audio/Gravel_1.ubulk" 141
"C:/Users/qtare/Perforce/qtareen_MSI_2539/12/MimicChest/ActionChaos/Content/Audio/Gravel_1.uasset" 142
"C:/Users/qtare/Perforce/qtareen_MSI_2539/12/MimicChest/ActionChaos/Content/Audio/Gravel_1.uexp" 143
"C:/Users/qtare/Perforce/qtareen_MSI_2539/12/MimicChest/ActionChaos/Content/Audio/Gravel_-_Run.ubulk" 144
"C:/Users/qtare/Perforce/qtareen_MSI_2539/12/MimicChest/ActionChaos/Content/Audio/Gravel_-_Run.uasset" 145
"C:/Users/qtare/Perforce/qtareen_MSI_2539/12/MimicChest/ActionChaos/Content/Audio/Gravel_-_Run.uexp" 146
"C:/Users/qtare/Perforce/qtareen_MSI_2539/12/MimicChest/ActionChaos/Content/Audio/Grass_Running.ubulk" 147
"C:/Users/qtare/Perforce/qtareen_MSI_2539/12/MimicChest/ActionChaos/Content/Audio/Grass_Running.uasset" 148
"C:/Users/qtare/Perforce/qtareen_MSI_2539/12/MimicChest/ActionChaos/Content/Audio/Grass_Running.uexp" 149
"C:/Users/qtare/Perforce/qtareen_MSI_2539/12/MimicChest/ActionChaos/Content/Audio/Grass_1.ubulk" 150
"C:/Users/qtare/Perforce/qtareen_MSI_2539/12/MimicChest/ActionChaos/Content/Audio/Grass_1.uasset" 151
"C:/Users/qtare/Perforce/qtareen_MSI_2539/12/MimicChest/ActionChaos/Content/Audio/Grass_1.uexp" 152
"C:/Users/qtare/Perforce/qtareen_MSI_2539/12/MimicChest/ActionChaos/Content/Audio/Forest_2.ubulk" 153
"C:/Users/qtare/Perforce/qtareen_MSI_2539/12/MimicChest/ActionChaos/Content/Audio/Forest_2.uasset" 154
"C:/Users/qtare/Perforce/qtareen_MSI_2539/12/MimicChest/ActionChaos/Content/Audio/Forest_2.uexp" 155
"C:/Users/qtare/Perforce/qtareen_MSI_2539/12/MimicChest/ActionChaos/Content/Audio/Forest_1.ubulk" 156
"C:/Users/qtare/Perforce/qtareen_MSI_2539/12/MimicChest/ActionChaos/Content/Audio/Forest_1.uasset" 157
"C:/Users/qtare/Perforce/qtareen_MSI_2539/12/MimicChest/ActionChaos/Content/Audio/Forest_1.uexp" 158
"../../../Engine/Content/Animation/DefaultRecorderBoneCompression.uasset" 159
"../../../Engine/Content/Animation/DefaultRecorderBoneCompression.uexp" 160
"C:/Users/qtare/Perforce/qtareen_MSI_2539/12/MimicChest/ActionChaos/Content/Widgets/WBP_WinandLose.uasset" 161
"C:/Users/qtare/Perforce/qtareen_MSI_2539/12/MimicChest/ActionChaos/Content/Widgets/WBP_WinandLose.uexp" 162
"../../../Engine/Content/Animation/DefaultAnimCurveCompressionSettings.uasset" 163
"../../../Engine/Content/Animation/DefaultAnimCurveCompressionSettings.uexp" 164
"C:/Users/qtare/Perforce/qtareen_MSI_2539/12/MimicChest/ActionChaos/Content/Audio/Concrete_2.ubulk" 165
"C:/Users/qtare/Perforce/qtareen_MSI_2539/12/MimicChest/ActionChaos/Content/Audio/Concrete_2.uasset" 166
"C:/Users/qtare/Perforce/qtareen_MSI_2539/12/MimicChest/ActionChaos/Content/Audio/Concrete_2.uexp" 167
"C:/Users/qtare/Perforce/qtareen_MSI_2539/12/MimicChest/ActionChaos/Content/Audio/BPSC_WalkConcrete2.uasset" 168
"C:/Users/qtare/Perforce/qtareen_MSI_2539/12/MimicChest/ActionChaos/Content/Audio/BPSC_WalkConcrete2.uexp" 169
"C:/Users/qtare/Perforce/qtareen_MSI_2539/12/MimicChest/ActionChaos/Content/END_Starter/Mannequin/Meshes/SK_Mannequin.uasset" 170
"C:/Users/qtare/Perforce/qtareen_MSI_2539/12/MimicChest/ActionChaos/Content/END_Starter/Mannequin/Meshes/SK_Mannequin.uexp" 171
"C:/Users/qtare/Perforce/qtareen_MSI_2539/12/MimicChest/ActionChaos/Content/Audio/Concrete_1.ubulk" 172
"C:/Users/qtare/Perforce/qtareen_MSI_2539/12/MimicChest/ActionChaos/Content/Audio/Concrete_1.uasset" 173
"C:/Users/qtare/Perforce/qtareen_MSI_2539/12/MimicChest/ActionChaos/Content/Audio/Concrete_1.uexp" 174
"C:/Users/qtare/Perforce/qtareen_MSI_2539/12/MimicChest/ActionChaos/Content/Audio/BPSC_WalkConcrete1.uasset" 175
"C:/Users/qtare/Perforce/qtareen_MSI_2539/12/MimicChest/ActionChaos/Content/Audio/BPSC_WalkConcrete1.uexp" 176
"../../../Engine/Content/Animation/DefaultAnimBoneCompressionSettings.uasset" 177
"../../../Engine/Content/Animation/DefaultAnimBoneCompressionSettings.uexp" 178
"C:/Users/qtare/Perforce/qtareen_MSI_2539/12/MimicChest/ActionChaos/Content/END_Starter/Mannequin/Animations/A_Walk_Forward_Ironsights.uasset" 179
"C:/Users/qtare/Perforce/qtareen_MSI_2539/12/MimicChest/ActionChaos/Content/END_Starter/Mannequin/Animations/A_Walk_Forward_Ironsights.uexp" 180
"C:/Users/qtare/Perforce/qtareen_MSI_2539/12/MimicChest/ActionChaos/Content/END_Starter/Mannequin/Animations/A_Walk_Left_Ironsights.uasset" 181
"C:/Users/qtare/Perforce/qtareen_MSI_2539/12/MimicChest/ActionChaos/Content/END_Starter/Mannequin/Animations/A_Walk_Left_Ironsights.uexp" 182
"C:/Users/qtare/Perforce/qtareen_MSI_2539/12/MimicChest/ActionChaos/Content/END_Starter/Mannequin/Animations/A_Walk_Back_Ironsights.uasset" 183
"C:/Users/qtare/Perforce/qtareen_MSI_2539/12/MimicChest/ActionChaos/Content/END_Starter/Mannequin/Animations/A_Walk_Back_Ironsights.uexp" 184
"C:/Users/qtare/Perforce/qtareen_MSI_2539/12/MimicChest/ActionChaos/Content/END_Starter/Mannequin/Animations/A_Walk_Right_Ironsights.uasset" 185
"C:/Users/qtare/Perforce/qtareen_MSI_2539/12/MimicChest/ActionChaos/Content/END_Starter/Mannequin/Animations/A_Walk_Right_Ironsights.uexp" 186
"C:/Users/qtare/Perforce/qtareen_MSI_2539/12/MimicChest/ActionChaos/Content/END_Starter/Mannequin/Animations/A_Idle_Ironsights.uasset" 187
"C:/Users/qtare/Perforce/qtareen_MSI_2539/12/MimicChest/ActionChaos/Content/END_Starter/Mannequin/Animations/A_Idle_Ironsights.uexp" 188
"C:/Users/qtare/Perforce/qtareen_MSI_2539/12/MimicChest/ActionChaos/Content/Utility/BS_Movement.uasset" 189
"C:/Users/qtare/Perforce/qtareen_MSI_2539/12/MimicChest/ActionChaos/Content/Utility/BS_Movement.uexp" 190
"../../../Engine/Content/EditorLandscapeResources/DefaultAlphaTexture.uasset" 191
"../../../Engine/Content/EditorLandscapeResources/DefaultAlphaTexture.uexp" 192
"../../../Engine/Content/EditorLandscapeResources/DataLayer.uasset" 193
"../../../Engine/Content/EditorLandscapeResources/DataLayer.uexp" 194
"../../../Engine/Content/EngineMaterials/DefaultMaterial.uasset" 195
"../../../Engine/Content/EngineMaterials/DefaultMaterial.uexp" 196
"../../../Engine/Content/BasicShapes/Cylinder.ubulk" 197
"../../../Engine/Content/BasicShapes/Cylinder.uasset" 198
"../../../Engine/Content/BasicShapes/Cylinder.uexp" 199
"../../../Engine/Content/BasicShapes/Cone.ubulk" 200
"../../../Engine/Content/BasicShapes/Cone.uasset" 201
"../../../Engine/Content/BasicShapes/Cone.uexp" 202
"../../../Engine/Content/EngineSounds/Master.uasset" 203
"../../../Engine/Content/EngineSounds/Master.uexp" 204
"../../../Engine/Plugins/Runtime/MeshModelingToolset/Content/Materials/M_DynamicMeshComponentVtxColor.uasset" 205
"../../../Engine/Plugins/Runtime/MeshModelingToolset/Content/Materials/M_DynamicMeshComponentVtxColor.uexp" 206
"../../../Engine/Plugins/Interchange/Runtime/Content/Pipelines/DefaultTexturePipeline.uasset" 207
"../../../Engine/Plugins/Interchange/Runtime/Content/Pipelines/DefaultTexturePipeline.uexp" 208
"../../../Engine/Plugins/Interchange/Runtime/Content/Pipelines/DefaultSceneLevelPipeline.uasset" 209
"../../../Engine/Plugins/Interchange/Runtime/Content/Pipelines/DefaultSceneLevelPipeline.uexp" 210
"../../../Engine/Plugins/Interchange/Runtime/Content/Pipelines/DefaultSceneAssetsPipeline.uasset" 211
"../../../Engine/Plugins/Interchange/Runtime/Content/Pipelines/DefaultSceneAssetsPipeline.uexp" 212
"../../../Engine/Plugins/Interchange/Runtime/Content/Pipelines/DefaultMaterialPipeline.uasset" 213
"../../../Engine/Plugins/Interchange/Runtime/Content/Pipelines/DefaultMaterialPipeline.uexp" 214
"../../../Engine/Plugins/Interchange/Runtime/Content/Pipelines/DefaultAssetsPipeline.uasset" 215
"../../../Engine/Plugins/Interchange/Runtime/Content/Pipelines/DefaultAssetsPipeline.uexp" 216
"../../../Engine/Plugins/Editor/SpeedTreeImporter/Content/SpeedTree9/game_wind_noise.ubulk" 217
"../../../Engine/Plugins/Editor/SpeedTreeImporter/Content/SpeedTree9/game_wind_noise.uasset" 218
"../../../Engine/Plugins/Editor/SpeedTreeImporter/Content/SpeedTree9/game_wind_noise.uexp" 219
"../../../Engine/Plugins/Editor/SpeedTreeImporter/Content/SpeedTree9/UnpackDirection.uasset" 220
"../../../Engine/Plugins/Editor/SpeedTreeImporter/Content/SpeedTree9/UnpackDirection.uexp" 221
"../../../Engine/Content/Functions/Engine_MaterialFunctions02/ObjectLocalBounds.uasset" 222
"../../../Engine/Content/Functions/Engine_MaterialFunctions02/ObjectLocalBounds.uexp" 223
"../../../Engine/Content/Functions/Engine_MaterialFunctions02/Utility/BreakOutFloat3Components.uasset" 224
"../../../Engine/Content/Functions/Engine_MaterialFunctions02/Utility/BreakOutFloat3Components.uexp" 225
"../../../Engine/Content/Functions/Engine_MaterialFunctions02/UVs/BoundingBoxBased_0-1_UVW.uasset" 226
"../../../Engine/Content/Functions/Engine_MaterialFunctions02/UVs/BoundingBoxBased_0-1_UVW.uexp" 227
"../../../Engine/Content/Functions/Engine_MaterialFunctions02/Utility/VectorLength.uasset" 228
"../../../Engine/Content/Functions/Engine_MaterialFunctions02/Utility/VectorLength.uexp" 229
"../../../Engine/Plugins/Editor/SpeedTreeImporter/Content/SpeedTree9/UnpackInteger3.uasset" 230
"../../../Engine/Plugins/Editor/SpeedTreeImporter/Content/SpeedTree9/UnpackInteger3.uexp" 231
"../../../Engine/Plugins/Editor/SpeedTreeImporter/Content/SpeedTree9/SpeedTreeCameraFacing.uasset" 232
"../../../Engine/Plugins/Editor/SpeedTreeImporter/Content/SpeedTree9/SpeedTreeCameraFacing.uexp" 233
"../../../Engine/Content/Functions/Engine_MaterialFunctions02/WorldPositionOffset/ObjectScale.uasset" 234
"../../../Engine/Content/Functions/Engine_MaterialFunctions02/WorldPositionOffset/ObjectScale.uexp" 235
"../../../Engine/Content/Functions/Engine_MaterialFunctions02/SafeNormalize.uasset" 236
"../../../Engine/Content/Functions/Engine_MaterialFunctions02/SafeNormalize.uexp" 237
"../../../Engine/Plugins/Editor/SpeedTreeImporter/Content/SpeedTree9/SpeedTreeWindMotion.uasset" 238
"../../../Engine/Plugins/Editor/SpeedTreeImporter/Content/SpeedTree9/SpeedTreeWindMotion.uexp" 239
"../../../Engine/Plugins/Editor/SpeedTreeImporter/Content/SpeedTree9/SpeedTreeBranchMotion.uasset" 240
"../../../Engine/Plugins/Editor/SpeedTreeImporter/Content/SpeedTree9/SpeedTreeBranchMotion.uexp" 241
"../../../Engine/Plugins/Editor/SpeedTreeImporter/Content/SpeedTree9/SpeedTreeWind.uasset" 242
"../../../Engine/Plugins/Editor/SpeedTreeImporter/Content/SpeedTree9/SpeedTreeWind.uexp" 243
"../../../Engine/Plugins/Editor/SpeedTreeImporter/Content/SpeedTree9/EmptyNormal.uasset" 244
"../../../Engine/Plugins/Editor/SpeedTreeImporter/Content/SpeedTree9/EmptyNormal.uexp" 245
"../../../Engine/Plugins/Editor/SpeedTreeImporter/Content/SpeedTree9/Empty.uasset" 246
"../../../Engine/Plugins/Editor/SpeedTreeImporter/Content/SpeedTree9/Empty.uexp" 247
"../../../Engine/Plugins/Editor/SpeedTreeImporter/Content/SpeedTree9/SpeedTreeMaster.uasset" 248
"../../../Engine/Plugins/Editor/SpeedTreeImporter/Content/SpeedTree9/SpeedTreeMaster.uexp" 249
"../../../Engine/Plugins/Editor/SpeedTreeImporter/Content/SpeedTree9/SpeedTreeBillboard.uasset" 250
"../../../Engine/Plugins/Editor/SpeedTreeImporter/Content/SpeedTree9/SpeedTreeBillboard.uexp" 251
"../../../Engine/Plugins/Editor/SpeedTreeImporter/Content/SpeedTree9/SpeedTreeBillboardMaster.uasset" 252
"../../../Engine/Plugins/Editor/SpeedTreeImporter/Content/SpeedTree9/SpeedTreeBillboardMaster.uexp" 253
"../../../Engine/Plugins/Animation/ControlRig/Content/Controls/ControlRig_Wedge_solid.ubulk" 254
"../../../Engine/Plugins/Animation/ControlRig/Content/Controls/ControlRig_Wedge_solid.uasset" 255
"../../../Engine/Plugins/Animation/ControlRig/Content/Controls/ControlRig_Wedge_solid.uexp" 256
"../../../Engine/Plugins/Animation/ControlRig/Content/Controls/ControlRig_Wedge_3mm.ubulk" 257
"../../../Engine/Plugins/Animation/ControlRig/Content/Controls/ControlRig_Wedge_3mm.uasset" 258
"../../../Engine/Plugins/Animation/ControlRig/Content/Controls/ControlRig_Wedge_3mm.uexp" 259
"../../../Engine/Plugins/Animation/ControlRig/Content/Controls/ControlRig_Wedge_1mm.ubulk" 260
"../../../Engine/Plugins/Animation/ControlRig/Content/Controls/ControlRig_Wedge_1mm.uasset" 261
"../../../Engine/Plugins/Animation/ControlRig/Content/Controls/ControlRig_Wedge_1mm.uexp" 262
"../../../Engine/Plugins/Animation/ControlRig/Content/Controls/ControlRig_Triangle_solid.ubulk" 263
"../../../Engine/Plugins/Animation/ControlRig/Content/Controls/ControlRig_Triangle_solid.uasset" 264
"../../../Engine/Plugins/Animation/ControlRig/Content/Controls/ControlRig_Triangle_solid.uexp" 265
"../../../Engine/Plugins/Animation/ControlRig/Content/Controls/ControlRig_Triangle_3mm.ubulk" 266
"../../../Engine/Plugins/Animation/ControlRig/Content/Controls/ControlRig_Triangle_3mm.uasset" 267
"../../../Engine/Plugins/Animation/ControlRig/Content/Controls/ControlRig_Triangle_3mm.uexp" 268
"../../../Engine/Plugins/Animation/ControlRig/Content/Controls/ControlRig_Triangle_1mm.ubulk" 269
"../../../Engine/Plugins/Animation/ControlRig/Content/Controls/ControlRig_Triangle_1mm.uasset" 270
"../../../Engine/Plugins/Animation/ControlRig/Content/Controls/ControlRig_Triangle_1mm.uexp" 271
"../../../Engine/Plugins/Animation/ControlRig/Content/Controls/ControlRig_Star4_solid.ubulk" 272
"../../../Engine/Plugins/Animation/ControlRig/Content/Controls/ControlRig_Star4_solid.uasset" 273
"../../../Engine/Plugins/Animation/ControlRig/Content/Controls/ControlRig_Star4_solid.uexp" 274
"../../../Engine/Plugins/Animation/ControlRig/Content/Controls/ControlRig_Star4_3mm.ubulk" 275
"../../../Engine/Plugins/Animation/ControlRig/Content/Controls/ControlRig_Star4_3mm.uasset" 276
"../../../Engine/Plugins/Animation/ControlRig/Content/Controls/ControlRig_Star4_3mm.uexp" 277
"../../../Engine/Plugins/Animation/ControlRig/Content/Controls/ControlRig_Star4_1mm.ubulk" 278
"../../../Engine/Plugins/Animation/ControlRig/Content/Controls/ControlRig_Star4_1mm.uasset" 279
"../../../Engine/Plugins/Animation/ControlRig/Content/Controls/ControlRig_Star4_1mm.uexp" 280
"../../../Engine/Plugins/Animation/ControlRig/Content/Controls/ControlRig_Square_solid.ubulk" 281
"../../../Engine/Plugins/Animation/ControlRig/Content/Controls/ControlRig_Square_solid.uasset" 282
"../../../Engine/Plugins/Animation/ControlRig/Content/Controls/ControlRig_Square_solid.uexp" 283
"../../../Engine/Plugins/Animation/ControlRig/Content/Controls/ControlRig_Square_3mm.ubulk" 284
"../../../Engine/Plugins/Animation/ControlRig/Content/Controls/ControlRig_Square_3mm.uasset" 285
"../../../Engine/Plugins/Animation/ControlRig/Content/Controls/ControlRig_Square_3mm.uexp" 286
"../../../Engine/Plugins/Animation/ControlRig/Content/Controls/ControlRig_Square_1mm.ubulk" 287
"../../../Engine/Plugins/Animation/ControlRig/Content/Controls/ControlRig_Square_1mm.uasset" 288
"../../../Engine/Plugins/Animation/ControlRig/Content/Controls/ControlRig_Square_1mm.uexp" 289
"../../../Engine/Plugins/Animation/ControlRig/Content/Controls/ControlRig_Sphere_solid.ubulk" 290
"../../../Engine/Plugins/Animation/ControlRig/Content/Controls/ControlRig_Sphere_solid.uasset" 291
"../../../Engine/Plugins/Animation/ControlRig/Content/Controls/ControlRig_Sphere_solid.uexp" 292
"../../../Engine/Plugins/Animation/ControlRig/Content/Controls/ControlRig_Sphere_3mm.ubulk" 293
"../../../Engine/Plugins/Animation/ControlRig/Content/Controls/ControlRig_Sphere_3mm.uasset" 294
"../../../Engine/Plugins/Animation/ControlRig/Content/Controls/ControlRig_Sphere_3mm.uexp" 295
"../../../Engine/Plugins/Animation/ControlRig/Content/Controls/ControlRig_Sphere_1mm.ubulk" 296
"../../../Engine/Plugins/Animation/ControlRig/Content/Controls/ControlRig_Sphere_1mm.uasset" 297
"../../../Engine/Plugins/Animation/ControlRig/Content/Controls/ControlRig_Sphere_1mm.uexp" 298
"../../../Engine/Plugins/Animation/ControlRig/Content/Controls/ControlRig_RoundedTriangle_solid.ubulk" 299
"../../../Engine/Plugins/Animation/ControlRig/Content/Controls/ControlRig_RoundedTriangle_solid.uasset" 300
"../../../Engine/Plugins/Animation/ControlRig/Content/Controls/ControlRig_RoundedTriangle_solid.uexp" 301
"../../../Engine/Plugins/Animation/ControlRig/Content/Controls/ControlRig_RoundedTriangle_3mm.ubulk" 302
"../../../Engine/Plugins/Animation/ControlRig/Content/Controls/ControlRig_RoundedTriangle_3mm.uasset" 303
"../../../Engine/Plugins/Animation/ControlRig/Content/Controls/ControlRig_RoundedTriangle_3mm.uexp" 304
"../../../Engine/Plugins/Animation/ControlRig/Content/Controls/ControlRig_RoundedTriangle_1mm.ubulk" 305
"../../../Engine/Plugins/Animation/ControlRig/Content/Controls/ControlRig_RoundedTriangle_1mm.uasset" 306
"../../../Engine/Plugins/Animation/ControlRig/Content/Controls/ControlRig_RoundedTriangle_1mm.uexp" 307
"../../../Engine/Plugins/Animation/ControlRig/Content/Controls/ControlRig_RoundedSquare_solid.ubulk" 308
"../../../Engine/Plugins/Animation/ControlRig/Content/Controls/ControlRig_RoundedSquare_solid.uasset" 309
"../../../Engine/Plugins/Animation/ControlRig/Content/Controls/ControlRig_RoundedSquare_solid.uexp" 310
"../../../Engine/Plugins/Animation/ControlRig/Content/Controls/ControlRig_RoundedSquare_3mm.ubulk" 311
"../../../Engine/Plugins/Animation/ControlRig/Content/Controls/ControlRig_RoundedSquare_3mm.uasset" 312
"../../../Engine/Plugins/Animation/ControlRig/Content/Controls/ControlRig_RoundedSquare_3mm.uexp" 313
"../../../Engine/Plugins/Animation/ControlRig/Content/Controls/ControlRig_RoundedSquare_1mm.ubulk" 314
"../../../Engine/Plugins/Animation/ControlRig/Content/Controls/ControlRig_RoundedSquare_1mm.uasset" 315
"../../../Engine/Plugins/Animation/ControlRig/Content/Controls/ControlRig_RoundedSquare_1mm.uexp" 316
"../../../Engine/Plugins/Animation/ControlRig/Content/Controls/ControlRig_QuarterCircle_solid.ubulk" 317
"../../../Engine/Plugins/Animation/ControlRig/Content/Controls/ControlRig_QuarterCircle_solid.uasset" 318
"../../../Engine/Plugins/Animation/ControlRig/Content/Controls/ControlRig_QuarterCircle_solid.uexp" 319
"../../../Engine/Plugins/Animation/ControlRig/Content/Controls/ControlRig_QuarterCircle_3mm.ubulk" 320
"../../../Engine/Plugins/Animation/ControlRig/Content/Controls/ControlRig_QuarterCircle_3mm.uasset" 321
"../../../Engine/Plugins/Animation/ControlRig/Content/Controls/ControlRig_QuarterCircle_3mm.uexp" 322
"../../../Engine/Plugins/Animation/ControlRig/Content/Controls/ControlRig_QuarterCircle_1mm.ubulk" 323
"../../../Engine/Plugins/Animation/ControlRig/Content/Controls/ControlRig_QuarterCircle_1mm.uasset" 324
"../../../Engine/Plugins/Animation/ControlRig/Content/Controls/ControlRig_QuarterCircle_1mm.uexp" 325
"../../../Engine/Plugins/Animation/ControlRig/Content/Controls/ControlRig_Pyramid_solid.ubulk" 326
"../../../Engine/Plugins/Animation/ControlRig/Content/Controls/ControlRig_Pyramid_solid.uasset" 327
"../../../Engine/Plugins/Animation/ControlRig/Content/Controls/ControlRig_Pyramid_solid.uexp" 328
"../../../Engine/Plugins/Animation/ControlRig/Content/Controls/ControlRig_Pyramid_3mm.ubulk" 329
"../../../Engine/Plugins/Animation/ControlRig/Content/Controls/ControlRig_Pyramid_3mm.uasset" 330
"../../../Engine/Plugins/Animation/ControlRig/Content/Controls/ControlRig_Pyramid_3mm.uexp" 331
"../../../Engine/Plugins/Animation/ControlRig/Content/Controls/ControlRig_Pyramid_1mm.ubulk" 332
"../../../Engine/Plugins/Animation/ControlRig/Content/Controls/ControlRig_Pyramid_1mm.uasset" 333
"../../../Engine/Plugins/Animation/ControlRig/Content/Controls/ControlRig_Pyramid_1mm.uexp" 334
"../../../Engine/Plugins/Animation/ControlRig/Content/Controls/ControlRig_Octagon_solid.ubulk" 335
"../../../Engine/Plugins/Animation/ControlRig/Content/Controls/ControlRig_Octagon_solid.uasset" 336
"../../../Engine/Plugins/Animation/ControlRig/Content/Controls/ControlRig_Octagon_solid.uexp" 337
"../../../Engine/Plugins/Animation/ControlRig/Content/Controls/ControlRig_Octagon_3mm.ubulk" 338
"../../../Engine/Plugins/Animation/ControlRig/Content/Controls/ControlRig_Octagon_3mm.uasset" 339
"../../../Engine/Plugins/Animation/ControlRig/Content/Controls/ControlRig_Octagon_3mm.uexp" 340
"../../../Engine/Plugins/Animation/ControlRig/Content/Controls/ControlRig_Octagon_1mm.ubulk" 341
"../../../Engine/Plugins/Animation/ControlRig/Content/Controls/ControlRig_Octagon_1mm.uasset" 342
"../../../Engine/Plugins/Animation/ControlRig/Content/Controls/ControlRig_Octagon_1mm.uexp" 343
"../../../Engine/Plugins/Animation/ControlRig/Content/Controls/ControlRig_Hexagon_solid.ubulk" 344
"../../../Engine/Plugins/Animation/ControlRig/Content/Controls/ControlRig_Hexagon_solid.uasset" 345
"../../../Engine/Plugins/Animation/ControlRig/Content/Controls/ControlRig_Hexagon_solid.uexp" 346
"../../../Engine/Plugins/Animation/ControlRig/Content/Controls/ControlRig_Hexagon_3mm.ubulk" 347
"../../../Engine/Plugins/Animation/ControlRig/Content/Controls/ControlRig_Hexagon_3mm.uasset" 348
"../../../Engine/Plugins/Animation/ControlRig/Content/Controls/ControlRig_Hexagon_3mm.uexp" 349
"../../../Engine/Plugins/Animation/ControlRig/Content/Controls/ControlRig_Hexagon_1mm.ubulk" 350
"../../../Engine/Plugins/Animation/ControlRig/Content/Controls/ControlRig_Hexagon_1mm.uasset" 351
"../../../Engine/Plugins/Animation/ControlRig/Content/Controls/ControlRig_Hexagon_1mm.uexp" 352
"../../../Engine/Plugins/Animation/ControlRig/Content/Controls/ControlRig_HalfCircle_solid.ubulk" 353
"../../../Engine/Plugins/Animation/ControlRig/Content/Controls/ControlRig_HalfCircle_solid.uasset" 354
"../../../Engine/Plugins/Animation/ControlRig/Content/Controls/ControlRig_HalfCircle_solid.uexp" 355
"../../../Engine/Plugins/Animation/ControlRig/Content/Controls/ControlRig_HalfCircle_3mm.ubulk" 356
"../../../Engine/Plugins/Animation/ControlRig/Content/Controls/ControlRig_HalfCircle_3mm.uasset" 357
"../../../Engine/Plugins/Animation/ControlRig/Content/Controls/ControlRig_HalfCircle_3mm.uexp" 358
"../../../Engine/Plugins/Animation/ControlRig/Content/Controls/ControlRig_HalfCircle_1mm.ubulk" 359
"../../../Engine/Plugins/Animation/ControlRig/Content/Controls/ControlRig_HalfCircle_1mm.uasset" 360
"../../../Engine/Plugins/Animation/ControlRig/Content/Controls/ControlRig_HalfCircle_1mm.uexp" 361
"../../../Engine/Plugins/Animation/ControlRig/Content/Controls/ControlRig_Diamond_solid.ubulk" 362
"../../../Engine/Plugins/Animation/ControlRig/Content/Controls/ControlRig_Diamond_solid.uasset" 363
"../../../Engine/Plugins/Animation/ControlRig/Content/Controls/ControlRig_Diamond_solid.uexp" 364
"../../../Engine/Plugins/Animation/ControlRig/Content/Controls/ControlRig_Diamond_3mm.ubulk" 365
"../../../Engine/Plugins/Animation/ControlRig/Content/Controls/ControlRig_Diamond_3mm.uasset" 366
"../../../Engine/Plugins/Animation/ControlRig/Content/Controls/ControlRig_Diamond_3mm.uexp" 367
"../../../Engine/Plugins/Animation/ControlRig/Content/Controls/ControlRig_Diamond_1mm.ubulk" 368
"../../../Engine/Plugins/Animation/ControlRig/Content/Controls/ControlRig_Diamond_1mm.uasset" 369
"../../../Engine/Plugins/Animation/ControlRig/Content/Controls/ControlRig_Diamond_1mm.uexp" 370
"../../../Engine/Plugins/Animation/ControlRig/Content/Controls/ControlRig_Circle_solid.ubulk" 371
"../../../Engine/Plugins/Animation/ControlRig/Content/Controls/ControlRig_Circle_solid.uasset" 372
"../../../Engine/Plugins/Animation/ControlRig/Content/Controls/ControlRig_Circle_solid.uexp" 373
"../../../Engine/Plugins/Animation/ControlRig/Content/Controls/ControlRig_Circle_3mm.ubulk" 374
"../../../Engine/Plugins/Animation/ControlRig/Content/Controls/ControlRig_Circle_3mm.uasset" 375
"../../../Engine/Plugins/Animation/ControlRig/Content/Controls/ControlRig_Circle_3mm.uexp" 376
"../../../Engine/Plugins/Animation/ControlRig/Content/Controls/ControlRig_Circle_1mm.ubulk" 377
"../../../Engine/Plugins/Animation/ControlRig/Content/Controls/ControlRig_Circle_1mm.uasset" 378
"../../../Engine/Plugins/Animation/ControlRig/Content/Controls/ControlRig_Circle_1mm.uexp" 379
"../../../Engine/Plugins/Animation/ControlRig/Content/Controls/ControlRig_Box_solid.ubulk" 380
"../../../Engine/Plugins/Animation/ControlRig/Content/Controls/ControlRig_Box_solid.uasset" 381
"../../../Engine/Plugins/Animation/ControlRig/Content/Controls/ControlRig_Box_solid.uexp" 382
"../../../Engine/Plugins/Animation/ControlRig/Content/Controls/ControlRig_Box_3mm.ubulk" 383
"../../../Engine/Plugins/Animation/ControlRig/Content/Controls/ControlRig_Box_3mm.uasset" 384
"../../../Engine/Plugins/Animation/ControlRig/Content/Controls/ControlRig_Box_3mm.uexp" 385
"../../../Engine/Plugins/Animation/ControlRig/Content/Controls/ControlRig_Box_1mm.ubulk" 386
"../../../Engine/Plugins/Animation/ControlRig/Content/Controls/ControlRig_Box_1mm.uasset" 387
"../../../Engine/Plugins/Animation/ControlRig/Content/Controls/ControlRig_Box_1mm.uexp" 388
"../../../Engine/Plugins/Animation/ControlRig/Content/Controls/ControlRig_Arrow_solid.ubulk" 389
"../../../Engine/Plugins/Animation/ControlRig/Content/Controls/ControlRig_Arrow_solid.uasset" 390
"../../../Engine/Plugins/Animation/ControlRig/Content/Controls/ControlRig_Arrow_solid.uexp" 391
"../../../Engine/Plugins/Animation/ControlRig/Content/Controls/ControlRig_Arrow_3mm.ubulk" 392
"../../../Engine/Plugins/Animation/ControlRig/Content/Controls/ControlRig_Arrow_3mm.uasset" 393
"../../../Engine/Plugins/Animation/ControlRig/Content/Controls/ControlRig_Arrow_3mm.uexp" 394
"../../../Engine/Plugins/Animation/ControlRig/Content/Controls/ControlRig_Arrow_1mm.ubulk" 395
"../../../Engine/Plugins/Animation/ControlRig/Content/Controls/ControlRig_Arrow_1mm.uasset" 396
"../../../Engine/Plugins/Animation/ControlRig/Content/Controls/ControlRig_Arrow_1mm.uexp" 397
"../../../Engine/Plugins/Animation/ControlRig/Content/Controls/ControlRig_Arrow4_solid.ubulk" 398
"../../../Engine/Plugins/Animation/ControlRig/Content/Controls/ControlRig_Arrow4_solid.uasset" 399
"../../../Engine/Plugins/Animation/ControlRig/Content/Controls/ControlRig_Arrow4_solid.uexp" 400
"../../../Engine/Plugins/Animation/ControlRig/Content/Controls/ControlRig_Arrow4_3mm.ubulk" 401
"../../../Engine/Plugins/Animation/ControlRig/Content/Controls/ControlRig_Arrow4_3mm.uasset" 402
"../../../Engine/Plugins/Animation/ControlRig/Content/Controls/ControlRig_Arrow4_3mm.uexp" 403
"../../../Engine/Plugins/Animation/ControlRig/Content/Controls/ControlRig_Arrow4_1mm.ubulk" 404
"../../../Engine/Plugins/Animation/ControlRig/Content/Controls/ControlRig_Arrow4_1mm.uasset" 405
"../../../Engine/Plugins/Animation/ControlRig/Content/Controls/ControlRig_Arrow4_1mm.uexp" 406
"../../../Engine/Plugins/Animation/ControlRig/Content/Controls/ControlRig_Arrow2_solid.ubulk" 407
"../../../Engine/Plugins/Animation/ControlRig/Content/Controls/ControlRig_Arrow2_solid.uasset" 408
"../../../Engine/Plugins/Animation/ControlRig/Content/Controls/ControlRig_Arrow2_solid.uexp" 409
"../../../Engine/Plugins/Animation/ControlRig/Content/Controls/ControlRig_Arrow2_3mm.ubulk" 410
"../../../Engine/Plugins/Animation/ControlRig/Content/Controls/ControlRig_Arrow2_3mm.uasset" 411
"../../../Engine/Plugins/Animation/ControlRig/Content/Controls/ControlRig_Arrow2_3mm.uexp" 412
"../../../Engine/Plugins/Animation/ControlRig/Content/Controls/ControlRig_Arrow2_1mm.ubulk" 413
"../../../Engine/Plugins/Animation/ControlRig/Content/Controls/ControlRig_Arrow2_1mm.uasset" 414
"../../../Engine/Plugins/Animation/ControlRig/Content/Controls/ControlRig_Arrow2_1mm.uexp" 415
"../../../Engine/Plugins/Animation/ControlRig/Content/Controls/ControlRigXRayMaterial.uasset" 416
"../../../Engine/Plugins/Animation/ControlRig/Content/Controls/ControlRigXRayMaterial.uexp" 417
"../../../Engine/Plugins/Animation/ControlRig/Content/Controls/ControlRigGizmoMaterial.uasset" 418
"../../../Engine/Plugins/Animation/ControlRig/Content/Controls/ControlRigGizmoMaterial.uexp" 419
"../../../Engine/Content/EngineResources/WhiteSquareTexture.uasset" 420
"../../../Engine/Content/EngineResources/WhiteSquareTexture.uexp" 421
"../../../Engine/Content/EngineMaterials/Widget3DPassThrough.uasset" 422
"../../../Engine/Content/EngineMaterials/Widget3DPassThrough.uexp" 423
"../../../Engine/Content/EngineMaterials/Widget3DPassThrough_Translucent.uasset" 424
"../../../Engine/Content/EngineMaterials/Widget3DPassThrough_Translucent.uexp" 425
"../../../Engine/Content/EngineMaterials/Widget3DPassThrough_Translucent_OneSided.uasset" 426
"../../../Engine/Content/EngineMaterials/Widget3DPassThrough_Translucent_OneSided.uexp" 427
"../../../Engine/Content/EngineMaterials/Widget3DPassThrough_Opaque.uasset" 428
"../../../Engine/Content/EngineMaterials/Widget3DPassThrough_Opaque.uexp" 429
"../../../Engine/Content/EngineMaterials/Widget3DPassThrough_Opaque_OneSided.uasset" 430
"../../../Engine/Content/EngineMaterials/Widget3DPassThrough_Opaque_OneSided.uexp" 431
"../../../Engine/Content/EngineMaterials/Widget3DPassThrough_Masked_OneSided.uasset" 432
"../../../Engine/Content/EngineMaterials/Widget3DPassThrough_Masked_OneSided.uexp" 433
"../../../Engine/Content/EngineMaterials/Widget3DPassThrough_Masked.uasset" 434
"../../../Engine/Content/EngineMaterials/Widget3DPassThrough_Masked.uexp" 435
"../../../Engine/Content/EngineMaterials/STBlueNoise_vec2_128x128x64.uasset" 436
"../../../Engine/Content/EngineMaterials/STBlueNoise_vec2_128x128x64.uexp" 437
"../../../Engine/Content/EngineMaterials/STBlueNoise_scalar_128x128x64.uasset" 438
"../../../Engine/Content/EngineMaterials/STBlueNoise_scalar_128x128x64.uexp" 439
"../../../Engine/Content/EngineMaterials/RemoveSurfaceMaterial.uasset" 440
"../../../Engine/Content/EngineMaterials/RemoveSurfaceMaterial.uexp" 441
"../../../Engine/Content/EngineMaterials/DefaultCalibrationGrayscale.uasset" 442
"../../../Engine/Content/EngineMaterials/DefaultCalibrationGrayscale.uexp" 443
"../../../Engine/Content/EngineMaterials/PPM_DefaultCalibrationGrayscale.uasset" 444
"../../../Engine/Content/EngineMaterials/PPM_DefaultCalibrationGrayscale.uexp" 445
"../../../Engine/Content/EngineMaterials/DefaultCalibrationColor.uasset" 446
"../../../Engine/Content/EngineMaterials/DefaultCalibrationColor.uexp" 447
"../../../Engine/Content/EngineMaterials/PPM_DefaultCalibrationColor.uasset" 448
"../../../Engine/Content/EngineMaterials/PPM_DefaultCalibrationColor.uexp" 449
"../../../Engine/Content/EngineMaterials/PhAT_JointLimitMaterial.uasset" 450
"../../../Engine/Content/EngineMaterials/PhAT_JointLimitMaterial.uexp" 451
"../../../Engine/Content/EngineMaterials/NaniteHiddenSectionMaterial.uasset" 452
"../../../Engine/Content/EngineMaterials/NaniteHiddenSectionMaterial.uexp" 453
"../../../Engine/Content/EngineMaterials/InvalidLightmapSettings.ubulk" 454
"../../../Engine/Content/EngineMaterials/InvalidLightmapSettings.uasset" 455
"../../../Engine/Content/EngineMaterials/InvalidLightmapSettings.uexp" 456
"../../../Engine/Content/EngineMaterials/M_InvalidLightmapSettings.uasset" 457
"../../../Engine/Content/EngineMaterials/M_InvalidLightmapSettings.uexp" 458
"../../../Engine/Content/EngineMaterials/GizmoMaterial.uasset" 459
"../../../Engine/Content/EngineMaterials/GizmoMaterial.uexp" 460
"../../../Engine/Content/EngineMaterials/BaseFlattenEmissiveMap_VT.uasset" 461
"../../../Engine/Content/EngineMaterials/BaseFlattenEmissiveMap_VT.uexp" 462
"../../../Engine/Content/EngineMaterials/BaseFlattenGrayscaleMap_VT.uasset" 463
"../../../Engine/Content/EngineMaterials/BaseFlattenGrayscaleMap_VT.uexp" 464
"../../../Engine/Content/EngineMaterials/BaseFlattenLinearColor_VT.uasset" 465
"../../../Engine/Content/EngineMaterials/BaseFlattenLinearColor_VT.uexp" 466
"../../../Engine/Content/EngineMaterials/Black_1x1_EXR_Texture_VT.uasset" 467
"../../../Engine/Content/EngineMaterials/Black_1x1_EXR_Texture_VT.uexp" 468
"../../../Engine/Content/EngineMaterials/BaseFlattenDiffuseMap_VT.uasset" 469
"../../../Engine/Content/EngineMaterials/BaseFlattenDiffuseMap_VT.uexp" 470
"../../../Engine/Content/EngineMaterials/BaseFlattenNormalMap_VT.uasset" 471
"../../../Engine/Content/EngineMaterials/BaseFlattenNormalMap_VT.uexp" 472
"../../../Engine/Content/EngineMaterials/FlattenMaterial_WS_Normal_VT.uasset" 473
"../../../Engine/Content/EngineMaterials/FlattenMaterial_WS_Normal_VT.uexp" 474
"../../../Engine/Content/EngineMaterials/FlattenMaterial_VT.uasset" 475
"../../../Engine/Content/EngineMaterials/FlattenMaterial_VT.uexp" 476
"../../../Engine/Content/EngineMaterials/BaseFlattenNormalMap.uasset" 477
"../../../Engine/Content/EngineMaterials/BaseFlattenNormalMap.uexp" 478
"../../../Engine/Content/EngineMaterials/BaseFlattenGrayscaleMap.uasset" 479
"../../../Engine/Content/EngineMaterials/BaseFlattenGrayscaleMap.uexp" 480
"../../../Engine/Content/EngineMaterials/BaseFlattenDiffuseMap.uasset" 481
"../../../Engine/Content/EngineMaterials/BaseFlattenDiffuseMap.uexp" 482
"../../../Engine/Content/Functions/Engine_MaterialFunctions02/PivotPainter2/Black_1x1_EXR_Texture.uasset" 483
"../../../Engine/Content/Functions/Engine_MaterialFunctions02/PivotPainter2/Black_1x1_EXR_Texture.uexp" 484
"../../../Engine/Content/EngineMaterials/BaseFlattenEmissiveMap.uasset" 485
"../../../Engine/Content/EngineMaterials/BaseFlattenEmissiveMap.uexp" 486
"../../../Engine/Content/EngineMaterials/BaseFlattenLinearColor.uasset" 487
"../../../Engine/Content/EngineMaterials/BaseFlattenLinearColor.uexp" 488
"../../../Engine/Content/EngineMaterials/FlattenMaterial.uasset" 489
"../../../Engine/Content/EngineMaterials/FlattenMaterial.uexp" 490
"../../../Engine/Content/EngineMaterials/DefaultWhiteGrid_Low.uasset" 491
"../../../Engine/Content/EngineMaterials/DefaultWhiteGrid_Low.uexp" 492
"../../../Engine/Content/EngineMaterials/EmissiveMeshMaterial.uasset" 493
"../../../Engine/Content/EngineMaterials/EmissiveMeshMaterial.uexp" 494
"../../../Engine/Content/EngineFonts/RobotoDistanceField.uasset" 495
"../../../Engine/Content/EngineFonts/RobotoDistanceField.uexp" 496
"../../../Engine/Content/EngineMaterials/DefaultTextMaterialOpaque.uasset" 497
"../../../Engine/Content/EngineMaterials/DefaultTextMaterialOpaque.uexp" 498
"../../../Engine/Content/EngineMaterials/DefaultDiffuse.ubulk" 499
"../../../Engine/Content/EngineMaterials/DefaultDiffuse.uasset" 500
"../../../Engine/Content/EngineMaterials/DefaultDiffuse.uexp" 501
"../../../Engine/Content/Functions/Engine_MaterialFunctions02/Utility/BreakOutFloat2Components.uasset" 502
"../../../Engine/Content/Functions/Engine_MaterialFunctions02/Utility/BreakOutFloat2Components.uexp" 503
"../../../Engine/Content/EngineMaterials/DefaultPostProcessMaterial.uasset" 504
"../../../Engine/Content/EngineMaterials/DefaultPostProcessMaterial.uexp" 505
"../../../Engine/Content/EngineMaterials/DefaultPhysicalMaterial.uasset" 506
"../../../Engine/Content/EngineMaterials/DefaultPhysicalMaterial.uexp" 507
"../../../Engine/Content/EngineMaterials/DefaultLightFunctionMaterial.uasset" 508
"../../../Engine/Content/EngineMaterials/DefaultLightFunctionMaterial.uexp" 509
"../../../Engine/Content/EngineMaterials/DefaultDestructiblePhysicalMaterial.uasset" 510
"../../../Engine/Content/EngineMaterials/DefaultDestructiblePhysicalMaterial.uexp" 511
"../../../Engine/Content/EngineMaterials/DefaultDeferredDecalMaterial.uasset" 512
"../../../Engine/Content/EngineMaterials/DefaultDeferredDecalMaterial.uexp" 513
"../../../Engine/Content/EngineMaterials/DefaultBloomKernel.uasset" 514
"../../../Engine/Content/EngineMaterials/DefaultBloomKernel.uexp" 515
"../../../Engine/Content/EngineFonts/Faces/RobotoLight.uexp" 516
"../../../Engine/Content/EngineFonts/Faces/RobotoLight.uasset" 517
"../../../Engine/Content/EngineFonts/Faces/RobotoLight.ufont" 518
"../../../Engine/Content/EngineFonts/Faces/RobotoBold.uexp" 519
"../../../Engine/Content/EngineFonts/Faces/RobotoBold.uasset" 520
"../../../Engine/Content/EngineFonts/Faces/RobotoBold.ufont" 521
"../../../Engine/Content/EngineFonts/Faces/RobotoRegular.uexp" 522
"../../../Engine/Content/EngineFonts/Faces/RobotoRegular.uasset" 523
"../../../Engine/Content/EngineFonts/Faces/RobotoRegular.ufont" 524
"../../../Engine/Content/EngineFonts/Faces/DroidSansFallback.uexp" 525
"../../../Engine/Content/EngineFonts/Faces/DroidSansFallback.uasset" 526
"../../../Engine/Content/EngineFonts/Faces/DroidSansFallback.ufont" 527
"../../../Engine/Content/EngineFonts/Faces/RobotoItalic.uexp" 528
"../../../Engine/Content/EngineFonts/Faces/RobotoItalic.uasset" 529
"../../../Engine/Content/EngineFonts/Faces/RobotoItalic.ufont" 530
"../../../Engine/Content/EngineFonts/Faces/RobotoBoldItalic.uexp" 531
"../../../Engine/Content/EngineFonts/Faces/RobotoBoldItalic.uasset" 532
"../../../Engine/Content/EngineFonts/Faces/RobotoBoldItalic.ufont" 533
"../../../Engine/Content/EngineFonts/Roboto.uasset" 534
"../../../Engine/Content/EngineFonts/Roboto.uexp" 535
"../../../Engine/Content/Functions/Engine_MaterialFunctions02/Utility/CameraDirectionVector.uasset" 536
"../../../Engine/Content/Functions/Engine_MaterialFunctions02/Utility/CameraDirectionVector.uexp" 537
"../../../Engine/Content/EngineDebugMaterials/VolumeToRender.uasset" 538
"../../../Engine/Content/EngineDebugMaterials/VolumeToRender.uexp" 539
"../../../Engine/Content/EngineDebugMaterials/M_VolumeRenderSphereTracePP.uasset" 540
"../../../Engine/Content/EngineDebugMaterials/M_VolumeRenderSphereTracePP.uexp" 541
"../../../Engine/Content/EngineDebugMaterials/M_SimpleUnlitTranslucent.uasset" 542
"../../../Engine/Content/EngineDebugMaterials/M_SimpleUnlitTranslucent.uexp" 543
"../../../Engine/Content/EngineDebugMaterials/DebugMeshMaterial.uasset" 544
"../../../Engine/Content/EngineDebugMaterials/DebugMeshMaterial.uexp" 545
"../../../Engine/Content/EngineDebugMaterials/DebugEditorMaterial.uasset" 546
"../../../Engine/Content/EngineDebugMaterials/DebugEditorMaterial.uexp" 547
"../../../Engine/Content/EngineDamageTypes/DmgTypeBP_Environmental.uasset" 548
"../../../Engine/Content/EngineDamageTypes/DmgTypeBP_Environmental.uexp" 549
"../../../Engine/Content/EditorResources/S_Terrain.ubulk" 550
"../../../Engine/Content/EditorResources/S_Terrain.uasset" 551
"../../../Engine/Content/EditorResources/S_Terrain.uexp" 552
"../../../Engine/Content/EditorResources/EmptyActor.uasset" 553
"../../../Engine/Content/EditorResources/EmptyActor.uexp" 554
"../../../Engine/Content/EditorResources/BSPVertex.uasset" 555
"../../../Engine/Content/EditorResources/BSPVertex.uexp" 556
"../../../Engine/Content/EditorMaterials/PreviewShadowIndicator.ubulk" 557
"../../../Engine/Content/EditorMaterials/PreviewShadowIndicator.uasset" 558
"../../../Engine/Content/EditorMaterials/PreviewShadowIndicator.uexp" 559
"../../../Engine/Content/EditorMaterials/PreviewShadowIndicatorMaterial.uasset" 560
"../../../Engine/Content/EditorMaterials/PreviewShadowIndicatorMaterial.uexp" 561
"../../../Engine/Content/EditorMaterials/PhAT_UnselectedMaterial.uasset" 562
"../../../Engine/Content/EditorMaterials/PhAT_UnselectedMaterial.uexp" 563
"../../../Engine/Content/EditorMaterials/PhAT_NoCollisionMaterial.uasset" 564
"../../../Engine/Content/EditorMaterials/PhAT_NoCollisionMaterial.uexp" 565
"C:/Users/qtare/Perforce/qtareen_MSI_2539/12/MimicChest/ActionChaos/Content/FAB_Assets/package/textures/shotgun/T_Shotgun_BaseColor.ubulk" 566
"C:/Users/qtare/Perforce/qtareen_MSI_2539/12/MimicChest/ActionChaos/Content/FAB_Assets/package/textures/shotgun/T_Shotgun_BaseColor.uasset" 567
"C:/Users/qtare/Perforce/qtareen_MSI_2539/12/MimicChest/ActionChaos/Content/FAB_Assets/package/textures/shotgun/T_Shotgun_BaseColor.uexp" 568
"C:/Users/qtare/Perforce/qtareen_MSI_2539/12/MimicChest/ActionChaos/Content/FAB_Assets/package/textures/shotgun/T_Shotgun_Metallic.ubulk" 569
"C:/Users/qtare/Perforce/qtareen_MSI_2539/12/MimicChest/ActionChaos/Content/FAB_Assets/package/textures/shotgun/T_Shotgun_Metallic.uasset" 570
"C:/Users/qtare/Perforce/qtareen_MSI_2539/12/MimicChest/ActionChaos/Content/FAB_Assets/package/textures/shotgun/T_Shotgun_Metallic.uexp" 571
"C:/Users/qtare/Perforce/qtareen_MSI_2539/12/MimicChest/ActionChaos/Content/FAB_Assets/package/textures/shotgun/T_Shotgun_Roughness.ubulk" 572
"C:/Users/qtare/Perforce/qtareen_MSI_2539/12/MimicChest/ActionChaos/Content/FAB_Assets/package/textures/shotgun/T_Shotgun_Roughness.uasset" 573
"C:/Users/qtare/Perforce/qtareen_MSI_2539/12/MimicChest/ActionChaos/Content/FAB_Assets/package/textures/shotgun/T_Shotgun_Roughness.uexp" 574
"C:/Users/qtare/Perforce/qtareen_MSI_2539/12/MimicChest/ActionChaos/Content/FAB_Assets/package/textures/shotgun/T_Shotgun_Normal.ubulk" 575
"C:/Users/qtare/Perforce/qtareen_MSI_2539/12/MimicChest/ActionChaos/Content/FAB_Assets/package/textures/shotgun/T_Shotgun_Normal.uasset" 576
"C:/Users/qtare/Perforce/qtareen_MSI_2539/12/MimicChest/ActionChaos/Content/FAB_Assets/package/textures/shotgun/T_Shotgun_Normal.uexp" 577
"C:/Users/qtare/Perforce/qtareen_MSI_2539/12/MimicChest/ActionChaos/Content/FAB_Assets/package/materials/M_shotgun.uasset" 578
"C:/Users/qtare/Perforce/qtareen_MSI_2539/12/MimicChest/ActionChaos/Content/FAB_Assets/package/materials/M_shotgun.uexp" 579
"C:/Users/qtare/Perforce/qtareen_MSI_2539/12/MimicChest/ActionChaos/Content/FAB_Assets/package/Skeleton_mesh/PA_Shotgun_PhysicsAsset.uasset" 580
"C:/Users/qtare/Perforce/qtareen_MSI_2539/12/MimicChest/ActionChaos/Content/FAB_Assets/package/Skeleton_mesh/PA_Shotgun_PhysicsAsset.uexp" 581
"C:/Users/qtare/Perforce/qtareen_MSI_2539/12/MimicChest/ActionChaos/Content/FAB_Assets/package/textures/bullet/T_Bu_low_lambert1_Normal.ubulk" 582
"C:/Users/qtare/Perforce/qtareen_MSI_2539/12/MimicChest/ActionChaos/Content/FAB_Assets/package/textures/bullet/T_Bu_low_lambert1_Normal.uasset" 583
"C:/Users/qtare/Perforce/qtareen_MSI_2539/12/MimicChest/ActionChaos/Content/FAB_Assets/package/textures/bullet/T_Bu_low_lambert1_Normal.uexp" 584
"C:/Users/qtare/Perforce/qtareen_MSI_2539/12/MimicChest/ActionChaos/Content/FAB_Assets/package/textures/bullet/T_Bu_low_lambert1_Roughness.ubulk" 585
"C:/Users/qtare/Perforce/qtareen_MSI_2539/12/MimicChest/ActionChaos/Content/FAB_Assets/package/textures/bullet/T_Bu_low_lambert1_Roughness.uasset" 586
"C:/Users/qtare/Perforce/qtareen_MSI_2539/12/MimicChest/ActionChaos/Content/FAB_Assets/package/textures/bullet/T_Bu_low_lambert1_Roughness.uexp" 587
"C:/Users/qtare/Perforce/qtareen_MSI_2539/12/MimicChest/ActionChaos/Content/FAB_Assets/package/textures/bullet/T_Bu_low_lambert1_BaseColor.ubulk" 588
"C:/Users/qtare/Perforce/qtareen_MSI_2539/12/MimicChest/ActionChaos/Content/FAB_Assets/package/textures/bullet/T_Bu_low_lambert1_BaseColor.uasset" 589
"C:/Users/qtare/Perforce/qtareen_MSI_2539/12/MimicChest/ActionChaos/Content/FAB_Assets/package/textures/bullet/T_Bu_low_lambert1_BaseColor.uexp" 590
"C:/Users/qtare/Perforce/qtareen_MSI_2539/12/MimicChest/ActionChaos/Content/FAB_Assets/package/textures/bullet/T_Bu_low_lambert1_Metallic.ubulk" 591
"C:/Users/qtare/Perforce/qtareen_MSI_2539/12/MimicChest/ActionChaos/Content/FAB_Assets/package/textures/bullet/T_Bu_low_lambert1_Metallic.uasset" 592
"C:/Users/qtare/Perforce/qtareen_MSI_2539/12/MimicChest/ActionChaos/Content/FAB_Assets/package/textures/bullet/T_Bu_low_lambert1_Metallic.uexp" 593
"C:/Users/qtare/Perforce/qtareen_MSI_2539/12/MimicChest/ActionChaos/Content/FAB_Assets/package/materials/M_bullet.uasset" 594
"C:/Users/qtare/Perforce/qtareen_MSI_2539/12/MimicChest/ActionChaos/Content/FAB_Assets/package/materials/M_bullet.uexp" 595
"C:/Users/qtare/Perforce/qtareen_MSI_2539/12/MimicChest/ActionChaos/Content/FAB_Assets/package/Skeleton_mesh/SK_Shotgun_Skeleton.uasset" 596
"C:/Users/qtare/Perforce/qtareen_MSI_2539/12/MimicChest/ActionChaos/Content/FAB_Assets/package/Skeleton_mesh/SK_Shotgun_Skeleton.uexp" 597
"C:/Users/qtare/Perforce/qtareen_MSI_2539/12/MimicChest/ActionChaos/Content/FAB_Assets/package/Skeleton_mesh/SKM_Shotgun.uasset" 598
"C:/Users/qtare/Perforce/qtareen_MSI_2539/12/MimicChest/ActionChaos/Content/FAB_Assets/package/Skeleton_mesh/SKM_Shotgun.uexp" 599
"../../../Engine/Content/BasicShapes/Sphere.ubulk" 600
"../../../Engine/Content/BasicShapes/Sphere.uasset" 601
"../../../Engine/Content/BasicShapes/Sphere.uexp" 602
"C:/Users/qtare/Perforce/qtareen_MSI_2539/12/MimicChest/ActionChaos/Content/materials/M_ShotgunColor.uasset" 603
"C:/Users/qtare/Perforce/qtareen_MSI_2539/12/MimicChest/ActionChaos/Content/materials/M_ShotgunColor.uexp" 604
"C:/Users/qtare/Perforce/qtareen_MSI_2539/12/MimicChest/ActionChaos/Content/weapons/BP_ShotgunProjectile.uasset" 605
"C:/Users/qtare/Perforce/qtareen_MSI_2539/12/MimicChest/ActionChaos/Content/weapons/BP_ShotgunProjectile.uexp" 606
"C:/Users/qtare/Perforce/qtareen_MSI_2539/12/MimicChest/ActionChaos/Content/weapons/Shotguns/BP_Shotgun.uasset" 607
"C:/Users/qtare/Perforce/qtareen_MSI_2539/12/MimicChest/ActionChaos/Content/weapons/Shotguns/BP_Shotgun.uexp" 608
"C:/Users/qtare/Perforce/qtareen_MSI_2539/12/MimicChest/ActionChaos/Content/weapons/Pistols/BP_StartPistol.uasset" 609
"C:/Users/qtare/Perforce/qtareen_MSI_2539/12/MimicChest/ActionChaos/Content/weapons/Pistols/BP_StartPistol.uexp" 610
"../../../Engine/Content/EngineSky/VolumetricClouds/CloudWeatherTexture.uasset" 611
"../../../Engine/Content/EngineSky/VolumetricClouds/CloudWeatherTexture.uexp" 612
"../../../Engine/Content/Functions/Engine_MaterialFunctions02/Utility/MakeFloat2.uasset" 613
"../../../Engine/Content/Functions/Engine_MaterialFunctions02/Utility/MakeFloat2.uexp" 614
"../../../Engine/Content/EngineSky/VolumetricClouds/CloudGradientTexture.uasset" 615
"../../../Engine/Content/EngineSky/VolumetricClouds/CloudGradientTexture.uexp" 616
"../../../Engine/Content/EngineSky/VolumetricClouds/T_NoiseShape64.ubulk" 617
"../../../Engine/Content/EngineSky/VolumetricClouds/T_NoiseShape64.uasset" 618
"../../../Engine/Content/EngineSky/VolumetricClouds/T_NoiseShape64.uexp" 619
"../../../Engine/Content/EngineSky/VolumetricClouds/T_VolumeNoiseShape64.uasset" 620
"../../../Engine/Content/EngineSky/VolumetricClouds/T_VolumeNoiseShape64.uexp" 621
"../../../Engine/Content/EngineSky/VolumetricClouds/T_NoiseErosion.ubulk" 622
"../../../Engine/Content/EngineSky/VolumetricClouds/T_NoiseErosion.uasset" 623
"../../../Engine/Content/EngineSky/VolumetricClouds/T_NoiseErosion.uexp" 624
"../../../Engine/Content/EngineSky/VolumetricClouds/T_VolumeNoiseErosion32.uasset" 625
"../../../Engine/Content/EngineSky/VolumetricClouds/T_VolumeNoiseErosion32.uexp" 626
"../../../Engine/Content/EngineSky/VolumetricClouds/m_SimpleVolumetricCloud.uasset" 627
"../../../Engine/Content/EngineSky/VolumetricClouds/m_SimpleVolumetricCloud.uexp" 628
"../../../Engine/Content/EngineSky/VolumetricClouds/m_SimpleVolumetricCloud_Inst.uasset" 629
"../../../Engine/Content/EngineSky/VolumetricClouds/m_SimpleVolumetricCloud_Inst.uexp" 630
"../../../Engine/Content/EngineResources/FilmGrains/Marcie_Grain_v3_128_M2_000.uasset" 631
"../../../Engine/Content/EngineResources/FilmGrains/Marcie_Grain_v3_128_M2_000.uexp" 632
"../../../Engine/Content/MobileResources/HUD/VirtualJoystick_Background.uasset" 633
"../../../Engine/Content/MobileResources/HUD/VirtualJoystick_Background.uexp" 634
"../../../Engine/Content/MobileResources/HUD/VirtualJoystick_Thumb.uasset" 635
"../../../Engine/Content/MobileResources/HUD/VirtualJoystick_Thumb.uexp" 636
"../../../Engine/Content/MobileResources/HUD/DefaultVirtualJoysticks.uasset" 637
"../../../Engine/Content/MobileResources/HUD/DefaultVirtualJoysticks.uexp" 638
"../../../Engine/Content/EditorResources/SequenceRecorder/RecordingIndicator.uasset" 639
"../../../Engine/Content/EditorResources/SequenceRecorder/RecordingIndicator.uexp" 640
"../../../Engine/Content/EditorResources/SequenceRecorder/Countdown.uasset" 641
"../../../Engine/Content/EditorResources/SequenceRecorder/Countdown.uexp" 642
"C:/Users/qtare/Perforce/qtareen_MSI_2539/12/MimicChest/ActionChaos/Content/characters/enemies/AI/EQS_SafeLocation.uasset" 643
"C:/Users/qtare/Perforce/qtareen_MSI_2539/12/MimicChest/ActionChaos/Content/characters/enemies/AI/EQS_SafeLocation.uexp" 644
"C:/Users/qtare/Perforce/qtareen_MSI_2539/12/MimicChest/ActionChaos/Content/END_Starter/Mannequin/Rigs/PA_Mannequin.uasset" 645
"C:/Users/qtare/Perforce/qtareen_MSI_2539/12/MimicChest/ActionChaos/Content/END_Starter/Mannequin/Rigs/PA_Mannequin.uexp" 646
"C:/Users/qtare/Perforce/qtareen_MSI_2539/12/MimicChest/ActionChaos/Content/END_Starter/Guns/Rifle/T_SightLensB_M.ubulk" 647
"C:/Users/qtare/Perforce/qtareen_MSI_2539/12/MimicChest/ActionChaos/Content/END_Starter/Guns/Rifle/T_SightLensB_M.uasset" 648
"C:/Users/qtare/Perforce/qtareen_MSI_2539/12/MimicChest/ActionChaos/Content/END_Starter/Guns/Rifle/T_SightLensB_M.uexp" 649
"C:/Users/qtare/Perforce/qtareen_MSI_2539/12/MimicChest/ActionChaos/Content/END_Starter/Guns/Rifle/T_SightLensA_M.ubulk" 650
"C:/Users/qtare/Perforce/qtareen_MSI_2539/12/MimicChest/ActionChaos/Content/END_Starter/Guns/Rifle/T_SightLensA_M.uasset" 651
"C:/Users/qtare/Perforce/qtareen_MSI_2539/12/MimicChest/ActionChaos/Content/END_Starter/Guns/Rifle/T_SightLensA_M.uexp" 652
"C:/Users/qtare/Perforce/qtareen_MSI_2539/12/MimicChest/ActionChaos/Content/END_Starter/Guns/Rifle/T_holo_layer_S.ubulk" 653
"C:/Users/qtare/Perforce/qtareen_MSI_2539/12/MimicChest/ActionChaos/Content/END_Starter/Guns/Rifle/T_holo_layer_S.uasset" 654
"C:/Users/qtare/Perforce/qtareen_MSI_2539/12/MimicChest/ActionChaos/Content/END_Starter/Guns/Rifle/T_holo_layer_S.uexp" 655
"C:/Users/qtare/Perforce/qtareen_MSI_2539/12/MimicChest/ActionChaos/Content/END_Starter/Guns/Rifle/M_MagGun_SightLens.uasset" 656
"C:/Users/qtare/Perforce/qtareen_MSI_2539/12/MimicChest/ActionChaos/Content/END_Starter/Guns/Rifle/M_MagGun_SightLens.uexp" 657
"C:/Users/qtare/Perforce/qtareen_MSI_2539/12/MimicChest/ActionChaos/Content/END_Starter/Guns/Rifle/MI_MagGun_SightLens.uasset" 658
"C:/Users/qtare/Perforce/qtareen_MSI_2539/12/MimicChest/ActionChaos/Content/END_Starter/Guns/Rifle/MI_MagGun_SightLens.uexp" 659
"C:/Users/qtare/Perforce/qtareen_MSI_2539/12/MimicChest/ActionChaos/Content/END_Starter/Guns/Common/MF_BoltMetal.uasset" 660
"C:/Users/qtare/Perforce/qtareen_MSI_2539/12/MimicChest/ActionChaos/Content/END_Starter/Guns/Common/MF_BoltMetal.uexp" 661
"C:/Users/qtare/Perforce/qtareen_MSI_2539/12/MimicChest/ActionChaos/Content/END_Starter/Guns/Rifle/T_MagGunT1_shade.ubulk" 662
"C:/Users/qtare/Perforce/qtareen_MSI_2539/12/MimicChest/ActionChaos/Content/END_Starter/Guns/Rifle/T_MagGunT1_shade.uasset" 663
"C:/Users/qtare/Perforce/qtareen_MSI_2539/12/MimicChest/ActionChaos/Content/END_Starter/Guns/Rifle/T_MagGunT1_shade.uexp" 664
"../../../Engine/Content/Functions/MaterialLayerFunctions/MatLayerBlend_TintAllChannels.uasset" 665
"../../../Engine/Content/Functions/MaterialLayerFunctions/MatLayerBlend_TintAllChannels.uexp" 666
"../../../Engine/Content/Functions/MaterialLayerFunctions/MatLayerBlend_Standard.uasset" 667
"../../../Engine/Content/Functions/MaterialLayerFunctions/MatLayerBlend_Standard.uexp" 668
"../../../Engine/Content/Functions/MaterialLayerFunctions/MatLayerBlend_RoughnessOverride.uasset" 669
"../../../Engine/Content/Functions/MaterialLayerFunctions/MatLayerBlend_RoughnessOverride.uexp" 670
"../../../Engine/Content/Functions/MaterialLayerFunctions/MatLayerBlend_Decal.uasset" 671
"../../../Engine/Content/Functions/MaterialLayerFunctions/MatLayerBlend_Decal.uexp" 672
"C:/Users/qtare/Perforce/qtareen_MSI_2539/12/MimicChest/ActionChaos/Content/END_Starter/Guns/Rifle/T_MagGunT1_section.ubulk" 673
"C:/Users/qtare/Perforce/qtareen_MSI_2539/12/MimicChest/ActionChaos/Content/END_Starter/Guns/Rifle/T_MagGunT1_section.uasset" 674
"C:/Users/qtare/Perforce/qtareen_MSI_2539/12/MimicChest/ActionChaos/Content/END_Starter/Guns/Rifle/T_MagGunT1_section.uexp" 675
"C:/Users/qtare/Perforce/qtareen_MSI_2539/12/MimicChest/ActionChaos/Content/END_Starter/Guns/Common/T_MagGun_Decals.ubulk" 676
"C:/Users/qtare/Perforce/qtareen_MSI_2539/12/MimicChest/ActionChaos/Content/END_Starter/Guns/Common/T_MagGun_Decals.uasset" 677
"C:/Users/qtare/Perforce/qtareen_MSI_2539/12/MimicChest/ActionChaos/Content/END_Starter/Guns/Common/T_MagGun_Decals.uexp" 678
"../../../Engine/Content/Functions/Engine_MaterialFunctions01/Texturing/FlattenNormal.uasset" 679
"../../../Engine/Content/Functions/Engine_MaterialFunctions01/Texturing/FlattenNormal.uexp" 680
"C:/Users/qtare/Perforce/qtareen_MSI_2539/12/MimicChest/ActionChaos/Content/END_Starter/Guns/Common/T_FPS_Metal_02.ubulk" 681
"C:/Users/qtare/Perforce/qtareen_MSI_2539/12/MimicChest/ActionChaos/Content/END_Starter/Guns/Common/T_FPS_Metal_02.uasset" 682
"C:/Users/qtare/Perforce/qtareen_MSI_2539/12/MimicChest/ActionChaos/Content/END_Starter/Guns/Common/T_FPS_Metal_02.uexp" 683
"C:/Users/qtare/Perforce/qtareen_MSI_2539/12/MimicChest/ActionChaos/Content/END_Starter/Guns/Launcher/T_ExampleLayers_Metal02_N.ubulk" 684
"C:/Users/qtare/Perforce/qtareen_MSI_2539/12/MimicChest/ActionChaos/Content/END_Starter/Guns/Launcher/T_ExampleLayers_Metal02_N.uasset" 685
"C:/Users/qtare/Perforce/qtareen_MSI_2539/12/MimicChest/ActionChaos/Content/END_Starter/Guns/Launcher/T_ExampleLayers_Metal02_N.uexp" 686
"C:/Users/qtare/Perforce/qtareen_MSI_2539/12/MimicChest/ActionChaos/Content/END_Starter/Guns/Common/MF_Metal_Copper.uasset" 687
"C:/Users/qtare/Perforce/qtareen_MSI_2539/12/MimicChest/ActionChaos/Content/END_Starter/Guns/Common/MF_Metal_Copper.uexp" 688
"C:/Users/qtare/Perforce/qtareen_MSI_2539/12/MimicChest/ActionChaos/Content/END_Starter/Guns/Common/T_Metal_Metal02_D.ubulk" 689
"C:/Users/qtare/Perforce/qtareen_MSI_2539/12/MimicChest/ActionChaos/Content/END_Starter/Guns/Common/T_Metal_Metal02_D.uasset" 690
"C:/Users/qtare/Perforce/qtareen_MSI_2539/12/MimicChest/ActionChaos/Content/END_Starter/Guns/Common/T_Metal_Metal02_D.uexp" 691
"C:/Users/qtare/Perforce/qtareen_MSI_2539/12/MimicChest/ActionChaos/Content/END_Starter/Guns/Common/MF_Metal_Gray.uasset" 692
"C:/Users/qtare/Perforce/qtareen_MSI_2539/12/MimicChest/ActionChaos/Content/END_Starter/Guns/Common/MF_Metal_Gray.uexp" 693
"../../../Engine/Content/Functions/Engine_MaterialFunctions02/Utility/BlendAngleCorrectedNormals.uasset" 694
"../../../Engine/Content/Functions/Engine_MaterialFunctions02/Utility/BlendAngleCorrectedNormals.uexp" 695
"../../../Engine/Content/Functions/MaterialLayerFunctions/MatLayerBlend_BakedNormal.uasset" 696
"../../../Engine/Content/Functions/MaterialLayerFunctions/MatLayerBlend_BakedNormal.uexp" 697
"C:/Users/qtare/Perforce/qtareen_MSI_2539/12/MimicChest/ActionChaos/Content/END_Starter/Guns/Common/T_Rubber.ubulk" 698
"C:/Users/qtare/Perforce/qtareen_MSI_2539/12/MimicChest/ActionChaos/Content/END_Starter/Guns/Common/T_Rubber.uasset" 699
"C:/Users/qtare/Perforce/qtareen_MSI_2539/12/MimicChest/ActionChaos/Content/END_Starter/Guns/Common/T_Rubber.uexp" 700
"C:/Users/qtare/Perforce/qtareen_MSI_2539/12/MimicChest/ActionChaos/Content/END_Starter/Guns/Common/MF_Rubber.uasset" 701
"C:/Users/qtare/Perforce/qtareen_MSI_2539/12/MimicChest/ActionChaos/Content/END_Starter/Guns/Common/MF_Rubber.uexp" 702
"C:/Users/qtare/Perforce/qtareen_MSI_2539/12/MimicChest/ActionChaos/Content/END_Starter/Guns/Rifle/T_MagGun_01_N.ubulk" 703
"C:/Users/qtare/Perforce/qtareen_MSI_2539/12/MimicChest/ActionChaos/Content/END_Starter/Guns/Rifle/T_MagGun_01_N.uasset" 704
"C:/Users/qtare/Perforce/qtareen_MSI_2539/12/MimicChest/ActionChaos/Content/END_Starter/Guns/Rifle/T_MagGun_01_N.uexp" 705
"C:/Users/qtare/Perforce/qtareen_MSI_2539/12/MimicChest/ActionChaos/Content/END_Starter/Guns/Common/T_PaintedMetal01_N.ubulk" 706
"C:/Users/qtare/Perforce/qtareen_MSI_2539/12/MimicChest/ActionChaos/Content/END_Starter/Guns/Common/T_PaintedMetal01_N.uasset" 707
"C:/Users/qtare/Perforce/qtareen_MSI_2539/12/MimicChest/ActionChaos/Content/END_Starter/Guns/Common/T_PaintedMetal01_N.uexp" 708
"C:/Users/qtare/Perforce/qtareen_MSI_2539/12/MimicChest/ActionChaos/Content/END_Starter/Guns/Common/T_PaintedMetal02.ubulk" 709
"C:/Users/qtare/Perforce/qtareen_MSI_2539/12/MimicChest/ActionChaos/Content/END_Starter/Guns/Common/T_PaintedMetal02.uasset" 710
"C:/Users/qtare/Perforce/qtareen_MSI_2539/12/MimicChest/ActionChaos/Content/END_Starter/Guns/Common/T_PaintedMetal02.uexp" 711
"C:/Users/qtare/Perforce/qtareen_MSI_2539/12/MimicChest/ActionChaos/Content/END_Starter/Guns/Common/MF_Paint.uasset" 712
"C:/Users/qtare/Perforce/qtareen_MSI_2539/12/MimicChest/ActionChaos/Content/END_Starter/Guns/Common/MF_Paint.uexp" 713
"C:/Users/qtare/Perforce/qtareen_MSI_2539/12/MimicChest/ActionChaos/Content/END_Starter/Guns/Rifle/M_MagGunA.uasset" 714
"C:/Users/qtare/Perforce/qtareen_MSI_2539/12/MimicChest/ActionChaos/Content/END_Starter/Guns/Rifle/M_MagGunA.uexp" 715
"C:/Users/qtare/Perforce/qtareen_MSI_2539/12/MimicChest/ActionChaos/Content/END_Starter/Guns/Rifle/MI_MagGunA.uasset" 716
"C:/Users/qtare/Perforce/qtareen_MSI_2539/12/MimicChest/ActionChaos/Content/END_Starter/Guns/Rifle/MI_MagGunA.uexp" 717
"C:/Users/qtare/Perforce/qtareen_MSI_2539/12/MimicChest/ActionChaos/Content/END_Starter/Guns/Rifle/MI_MagGunB.uasset" 718
"C:/Users/qtare/Perforce/qtareen_MSI_2539/12/MimicChest/ActionChaos/Content/END_Starter/Guns/Rifle/MI_MagGunB.uexp" 719
"C:/Users/qtare/Perforce/qtareen_MSI_2539/12/MimicChest/ActionChaos/Content/END_Starter/Guns/Rifle/SKEL_Rifle.uasset" 720
"C:/Users/qtare/Perforce/qtareen_MSI_2539/12/MimicChest/ActionChaos/Content/END_Starter/Guns/Rifle/SKEL_Rifle.uexp" 721
"C:/Users/qtare/Perforce/qtareen_MSI_2539/12/MimicChest/ActionChaos/Content/END_Starter/Guns/Rifle/PHYS_Rifle.uasset" 722
"C:/Users/qtare/Perforce/qtareen_MSI_2539/12/MimicChest/ActionChaos/Content/END_Starter/Guns/Rifle/PHYS_Rifle.uexp" 723
"C:/Users/qtare/Perforce/qtareen_MSI_2539/12/MimicChest/ActionChaos/Content/END_Starter/Guns/Rifle/SK_Rifle.uasset" 724
"C:/Users/qtare/Perforce/qtareen_MSI_2539/12/MimicChest/ActionChaos/Content/END_Starter/Guns/Rifle/SK_Rifle.uexp" 725
"../../../Engine/Content/Functions/Engine_MaterialFunctions01/Shading/PowerToRoughness.uasset" 726
"../../../Engine/Content/Functions/Engine_MaterialFunctions01/Shading/PowerToRoughness.uexp" 727
"../../../Engine/Content/Functions/Engine_MaterialFunctions01/Shading/ConvertFromDiffSpec.uasset" 728
"../../../Engine/Content/Functions/Engine_MaterialFunctions01/Shading/ConvertFromDiffSpec.uexp" 729
"C:/Users/qtare/Perforce/qtareen_MSI_2539/12/MimicChest/ActionChaos/Content/FAB_Assets/package/static_mesh/SM_Bullet.ubulk" 730
"C:/Users/qtare/Perforce/qtareen_MSI_2539/12/MimicChest/ActionChaos/Content/FAB_Assets/package/static_mesh/SM_Bullet.uasset" 731
"C:/Users/qtare/Perforce/qtareen_MSI_2539/12/MimicChest/ActionChaos/Content/FAB_Assets/package/static_mesh/SM_Bullet.uexp" 732
"C:/Users/qtare/Perforce/qtareen_MSI_2539/12/MimicChest/ActionChaos/Content/END_Starter/Mannequin/Textures/T_Manny_02_CCRCCPlastic_MSK.ubulk" 733
"C:/Users/qtare/Perforce/qtareen_MSI_2539/12/MimicChest/ActionChaos/Content/END_Starter/Mannequin/Textures/T_Manny_02_CCRCCPlastic_MSK.uasset" 734
"C:/Users/qtare/Perforce/qtareen_MSI_2539/12/MimicChest/ActionChaos/Content/END_Starter/Mannequin/Textures/T_Manny_02_CCRCCPlastic_MSK.uexp" 735
"../../../Engine/Plugins/Animation/ControlRig/Content/Controls/DefaultGizmoLibraryNormalized.uasset" 736
"../../../Engine/Plugins/Animation/ControlRig/Content/Controls/DefaultGizmoLibraryNormalized.uexp" 737
"C:/Users/qtare/Perforce/qtareen_MSI_2539/12/MimicChest/ActionChaos/Content/END_Starter/Mannequin/Rigs/CR_Mannequin_Body.uasset" 738
"C:/Users/qtare/Perforce/qtareen_MSI_2539/12/MimicChest/ActionChaos/Content/END_Starter/Mannequin/Rigs/CR_Mannequin_Body.uexp" 739
"../../../Engine/Content/EngineMaterials/BlendFunc_DefBlend.uasset" 740
"../../../Engine/Content/EngineMaterials/BlendFunc_DefBlend.uexp" 741
"../../../Engine/Content/EngineMaterials/BlendFunc_DefBase.uasset" 742
"../../../Engine/Content/EngineMaterials/BlendFunc_DefBase.uexp" 743
"../../../Engine/Content/Functions/Engine_MaterialFunctions03/Blends/Blend_Overlay.uasset" 744
"../../../Engine/Content/Functions/Engine_MaterialFunctions03/Blends/Blend_Overlay.uexp" 745
"../../../Engine/Content/OpenWorldTemplate/LandscapeMaterial/T_GridChecker_A.ubulk" 746
"../../../Engine/Content/OpenWorldTemplate/LandscapeMaterial/T_GridChecker_A.uasset" 747
"../../../Engine/Content/OpenWorldTemplate/LandscapeMaterial/T_GridChecker_A.uexp" 748
"../../../Engine/Content/Functions/Engine_MaterialFunctions02/Utility/MakeFloat3.uasset" 749
"../../../Engine/Content/Functions/Engine_MaterialFunctions02/Utility/MakeFloat3.uexp" 750
"../../../Engine/Content/Functions/Engine_MaterialFunctions01/Gradient/LinearGradient.uasset" 751
"../../../Engine/Content/Functions/Engine_MaterialFunctions01/Gradient/LinearGradient.uexp" 752
"../../../Engine/Content/Functions/Engine_MaterialFunctions01/ImageAdjustment/CheapContrast.uasset" 753
"../../../Engine/Content/Functions/Engine_MaterialFunctions01/ImageAdjustment/CheapContrast.uexp" 754
"../../../Engine/Content/OpenWorldTemplate/LandscapeMaterial/MF_ProcGrid.uasset" 755
"../../../Engine/Content/OpenWorldTemplate/LandscapeMaterial/MF_ProcGrid.uexp" 756
"../../../Engine/Content/OpenWorldTemplate/LandscapeMaterial/M_ProcGrid.uasset" 757
"../../../Engine/Content/OpenWorldTemplate/LandscapeMaterial/M_ProcGrid.uexp" 758
"../../../Engine/Content/OpenWorldTemplate/LandscapeMaterial/MI_ProcGrid.uasset" 759
"../../../Engine/Content/OpenWorldTemplate/LandscapeMaterial/MI_ProcGrid.uexp" 760
"C:/Users/qtare/Perforce/qtareen_MSI_2539/12/MimicChest/ActionChaos/Content/FAB_Assets/carbine_Rifle_with_textures/Carbine_Rifle_Skeleton.uasset" 761
"C:/Users/qtare/Perforce/qtareen_MSI_2539/12/MimicChest/ActionChaos/Content/FAB_Assets/carbine_Rifle_with_textures/Carbine_Rifle_Skeleton.uexp" 762
"C:/Users/qtare/Perforce/qtareen_MSI_2539/12/MimicChest/ActionChaos/Content/FAB_Assets/carbine_Rifle_with_textures/Carbine_Rifle_PhysicsAsset.uasset" 763
"C:/Users/qtare/Perforce/qtareen_MSI_2539/12/MimicChest/ActionChaos/Content/FAB_Assets/carbine_Rifle_with_textures/Carbine_Rifle_PhysicsAsset.uexp" 764
"C:/Users/qtare/Perforce/qtareen_MSI_2539/12/MimicChest/ActionChaos/Content/FAB_Assets/carbine_Rifle_with_textures/Carbine_RifleDiffuseMap.ubulk" 765
"C:/Users/qtare/Perforce/qtareen_MSI_2539/12/MimicChest/ActionChaos/Content/FAB_Assets/carbine_Rifle_with_textures/Carbine_RifleDiffuseMap.uasset" 766
"C:/Users/qtare/Perforce/qtareen_MSI_2539/12/MimicChest/ActionChaos/Content/FAB_Assets/carbine_Rifle_with_textures/Carbine_RifleDiffuseMap.uexp" 767
"C:/Users/qtare/Perforce/qtareen_MSI_2539/12/MimicChest/ActionChaos/Content/FAB_Assets/carbine_Rifle_with_textures/Material__216.uasset" 768
"C:/Users/qtare/Perforce/qtareen_MSI_2539/12/MimicChest/ActionChaos/Content/FAB_Assets/carbine_Rifle_with_textures/Material__216.uexp" 769
"C:/Users/qtare/Perforce/qtareen_MSI_2539/12/MimicChest/ActionChaos/Content/FAB_Assets/carbine_Rifle_with_textures/Carbine_Rifle.uasset" 770
"C:/Users/qtare/Perforce/qtareen_MSI_2539/12/MimicChest/ActionChaos/Content/FAB_Assets/carbine_Rifle_with_textures/Carbine_Rifle.uexp" 771
"C:/Users/qtare/Perforce/qtareen_MSI_2539/12/MimicChest/ActionChaos/Content/materials/M_FlatColor.uasset" 772
"C:/Users/qtare/Perforce/qtareen_MSI_2539/12/MimicChest/ActionChaos/Content/materials/M_FlatColor.uexp" 773
"C:/Users/qtare/Perforce/qtareen_MSI_2539/12/MimicChest/ActionChaos/Content/weapons/BP_Projectile.uasset" 774
"C:/Users/qtare/Perforce/qtareen_MSI_2539/12/MimicChest/ActionChaos/Content/weapons/BP_Projectile.uexp" 775
"C:/Users/qtare/Perforce/qtareen_MSI_2539/12/MimicChest/ActionChaos/Content/weapons/Rifles/BP_Rifle.uasset" 776
"C:/Users/qtare/Perforce/qtareen_MSI_2539/12/MimicChest/ActionChaos/Content/weapons/Rifles/BP_Rifle.uexp" 777
"C:/Users/qtare/Perforce/qtareen_MSI_2539/12/MimicChest/ActionChaos/Content/materials/Textures/T_Crosshair.uasset" 778
"C:/Users/qtare/Perforce/qtareen_MSI_2539/12/MimicChest/ActionChaos/Content/materials/Textures/T_Crosshair.uexp" 779
"C:/Users/qtare/Perforce/qtareen_MSI_2539/12/MimicChest/ActionChaos/Content/materials/M_Crosshair.uasset" 780
"C:/Users/qtare/Perforce/qtareen_MSI_2539/12/MimicChest/ActionChaos/Content/materials/M_Crosshair.uexp" 781
"../../../Engine/Content/Tutorial/SubEditors/TutorialAssets/icon_Editor_Preferences_General_40x.uasset" 782
"../../../Engine/Content/Tutorial/SubEditors/TutorialAssets/icon_Editor_Preferences_General_40x.uexp" 783
"C:/Users/qtare/Perforce/qtareen_MSI_2539/12/MimicChest/ActionChaos/Content/Widgets/WBP_PlayerHUDBase.uasset" 784
"C:/Users/qtare/Perforce/qtareen_MSI_2539/12/MimicChest/ActionChaos/Content/Widgets/WBP_PlayerHUDBase.uexp" 785
"C:/Users/qtare/Perforce/qtareen_MSI_2539/12/MimicChest/ActionChaos/Content/END_Starter/Mannequin/Textures/T_Manny_01_MSR_MSK.ubulk" 786
"C:/Users/qtare/Perforce/qtareen_MSI_2539/12/MimicChest/ActionChaos/Content/END_Starter/Mannequin/Textures/T_Manny_01_MSR_MSK.uasset" 787
"C:/Users/qtare/Perforce/qtareen_MSI_2539/12/MimicChest/ActionChaos/Content/END_Starter/Mannequin/Textures/T_Manny_01_MSR_MSK.uexp" 788
"C:/Users/qtare/Perforce/qtareen_MSI_2539/12/MimicChest/ActionChaos/Content/END_Starter/Mannequin/Textures/T_Manny_01_CCRCCPlastic_MSK.ubulk" 789
"C:/Users/qtare/Perforce/qtareen_MSI_2539/12/MimicChest/ActionChaos/Content/END_Starter/Mannequin/Textures/T_Manny_01_CCRCCPlastic_MSK.uasset" 790
"C:/Users/qtare/Perforce/qtareen_MSI_2539/12/MimicChest/ActionChaos/Content/END_Starter/Mannequin/Textures/T_Manny_01_CCRCCPlastic_MSK.uexp" 791
"C:/Users/qtare/Perforce/qtareen_MSI_2539/12/MimicChest/ActionChaos/Content/END_Starter/Mannequin/Materials/Functions/ChromaticCurve.uasset" 792
"C:/Users/qtare/Perforce/qtareen_MSI_2539/12/MimicChest/ActionChaos/Content/END_Starter/Mannequin/Materials/Functions/ChromaticCurve.uexp" 793
"C:/Users/qtare/Perforce/qtareen_MSI_2539/12/MimicChest/ActionChaos/Content/END_Starter/Mannequin/Materials/Functions/CA_Mannequin.uasset" 794
"C:/Users/qtare/Perforce/qtareen_MSI_2539/12/MimicChest/ActionChaos/Content/END_Starter/Mannequin/Materials/Functions/CA_Mannequin.uexp" 795
"C:/Users/qtare/Perforce/qtareen_MSI_2539/12/MimicChest/ActionChaos/Content/END_Starter/Mannequin/Materials/Functions/MF_Diffraction.uasset" 796
"C:/Users/qtare/Perforce/qtareen_MSI_2539/12/MimicChest/ActionChaos/Content/END_Starter/Mannequin/Materials/Functions/MF_Diffraction.uexp" 797
"../../../Engine/Content/Functions/Engine_MaterialFunctions01/Texturing/ScaleUVsByCenter.uasset" 798
"../../../Engine/Content/Functions/Engine_MaterialFunctions01/Texturing/ScaleUVsByCenter.uexp" 799
"C:/Users/qtare/Perforce/qtareen_MSI_2539/12/MimicChest/ActionChaos/Content/END_Starter/Mannequin/Textures/T_UE_Logo_M.uasset" 800
"C:/Users/qtare/Perforce/qtareen_MSI_2539/12/MimicChest/ActionChaos/Content/END_Starter/Mannequin/Textures/T_UE_Logo_M.uexp" 801
"C:/Users/qtare/Perforce/qtareen_MSI_2539/12/MimicChest/ActionChaos/Content/END_Starter/Mannequin/Materials/Functions/MF_logo3layers.uasset" 802
"C:/Users/qtare/Perforce/qtareen_MSI_2539/12/MimicChest/ActionChaos/Content/END_Starter/Mannequin/Materials/Functions/MF_logo3layers.uexp" 803
"C:/Users/qtare/Perforce/qtareen_MSI_2539/12/MimicChest/ActionChaos/Content/END_Starter/Mannequin/Materials/Functions/ML_BaseColorFallOff.uasset" 804
"C:/Users/qtare/Perforce/qtareen_MSI_2539/12/MimicChest/ActionChaos/Content/END_Starter/Mannequin/Materials/Functions/ML_BaseColorFallOff.uexp" 805
"C:/Users/qtare/Perforce/qtareen_MSI_2539/12/MimicChest/ActionChaos/Content/END_Starter/Mannequin/Textures/T_Manny_01_Tan.ubulk" 806
"C:/Users/qtare/Perforce/qtareen_MSI_2539/12/MimicChest/ActionChaos/Content/END_Starter/Mannequin/Textures/T_Manny_01_Tan.uasset" 807
"C:/Users/qtare/Perforce/qtareen_MSI_2539/12/MimicChest/ActionChaos/Content/END_Starter/Mannequin/Textures/T_Manny_01_Tan.uexp" 808
"C:/Users/qtare/Perforce/qtareen_MSI_2539/12/MimicChest/ActionChaos/Content/END_Starter/Mannequin/Textures/T_Manny_01_ASAOPMASK_MSK.ubulk" 809
"C:/Users/qtare/Perforce/qtareen_MSI_2539/12/MimicChest/ActionChaos/Content/END_Starter/Mannequin/Textures/T_Manny_01_ASAOPMASK_MSK.uasset" 810
"C:/Users/qtare/Perforce/qtareen_MSI_2539/12/MimicChest/ActionChaos/Content/END_Starter/Mannequin/Textures/T_Manny_01_ASAOPMASK_MSK.uexp" 811
"C:/Users/qtare/Perforce/qtareen_MSI_2539/12/MimicChest/ActionChaos/Content/END_Starter/Mannequin/Textures/T_Manny_01_N.ubulk" 812
"C:/Users/qtare/Perforce/qtareen_MSI_2539/12/MimicChest/ActionChaos/Content/END_Starter/Mannequin/Textures/T_Manny_01_N.uasset" 813
"C:/Users/qtare/Perforce/qtareen_MSI_2539/12/MimicChest/ActionChaos/Content/END_Starter/Mannequin/Textures/T_Manny_01_N.uexp" 814
"C:/Users/qtare/Perforce/qtareen_MSI_2539/12/MimicChest/ActionChaos/Content/END_Starter/Mannequin/Textures/T_Manny_01_BN.ubulk" 815
"C:/Users/qtare/Perforce/qtareen_MSI_2539/12/MimicChest/ActionChaos/Content/END_Starter/Mannequin/Textures/T_Manny_01_BN.uasset" 816
"C:/Users/qtare/Perforce/qtareen_MSI_2539/12/MimicChest/ActionChaos/Content/END_Starter/Mannequin/Textures/T_Manny_01_BN.uexp" 817
"C:/Users/qtare/Perforce/qtareen_MSI_2539/12/MimicChest/ActionChaos/Content/END_Starter/Mannequin/Textures/T_Manny_01_D.ubulk" 818
"C:/Users/qtare/Perforce/qtareen_MSI_2539/12/MimicChest/ActionChaos/Content/END_Starter/Mannequin/Textures/T_Manny_01_D.uasset" 819
"C:/Users/qtare/Perforce/qtareen_MSI_2539/12/MimicChest/ActionChaos/Content/END_Starter/Mannequin/Textures/T_Manny_01_D.uexp" 820
"C:/Users/qtare/Perforce/qtareen_MSI_2539/12/MimicChest/ActionChaos/Content/END_Starter/Mannequin/Materials/M_Mannequin.uasset" 821
"C:/Users/qtare/Perforce/qtareen_MSI_2539/12/MimicChest/ActionChaos/Content/END_Starter/Mannequin/Materials/M_Mannequin.uexp" 822
"C:/Users/qtare/Perforce/qtareen_MSI_2539/12/MimicChest/ActionChaos/Content/END_Starter/Mannequin/Materials/Instances/MI_Manny_01.uasset" 823
"C:/Users/qtare/Perforce/qtareen_MSI_2539/12/MimicChest/ActionChaos/Content/END_Starter/Mannequin/Materials/Instances/MI_Manny_01.uexp" 824
"C:/Users/qtare/Perforce/qtareen_MSI_2539/12/MimicChest/ActionChaos/Content/END_Starter/Mannequin/Meshes/SKM_Manny_Physics.uasset" 825
"C:/Users/qtare/Perforce/qtareen_MSI_2539/12/MimicChest/ActionChaos/Content/END_Starter/Mannequin/Meshes/SKM_Manny_Physics.uexp" 826
"C:/Users/qtare/Perforce/qtareen_MSI_2539/12/MimicChest/ActionChaos/Content/END_Starter/Mannequin/Textures/T_Manny_02_Tan.ubulk" 827
"C:/Users/qtare/Perforce/qtareen_MSI_2539/12/MimicChest/ActionChaos/Content/END_Starter/Mannequin/Textures/T_Manny_02_Tan.uasset" 828
"C:/Users/qtare/Perforce/qtareen_MSI_2539/12/MimicChest/ActionChaos/Content/END_Starter/Mannequin/Textures/T_Manny_02_Tan.uexp" 829
"C:/Users/qtare/Perforce/qtareen_MSI_2539/12/MimicChest/ActionChaos/Content/END_Starter/Mannequin/Textures/T_Manny_02_D.ubulk" 830
"C:/Users/qtare/Perforce/qtareen_MSI_2539/12/MimicChest/ActionChaos/Content/END_Starter/Mannequin/Textures/T_Manny_02_D.uasset" 831
"C:/Users/qtare/Perforce/qtareen_MSI_2539/12/MimicChest/ActionChaos/Content/END_Starter/Mannequin/Textures/T_Manny_02_D.uexp" 832
"C:/Users/qtare/Perforce/qtareen_MSI_2539/12/MimicChest/ActionChaos/Content/END_Starter/Mannequin/Textures/T_Manny_02_N.ubulk" 833
"C:/Users/qtare/Perforce/qtareen_MSI_2539/12/MimicChest/ActionChaos/Content/END_Starter/Mannequin/Textures/T_Manny_02_N.uasset" 834
"C:/Users/qtare/Perforce/qtareen_MSI_2539/12/MimicChest/ActionChaos/Content/END_Starter/Mannequin/Textures/T_Manny_02_N.uexp" 835
"C:/Users/qtare/Perforce/qtareen_MSI_2539/12/MimicChest/ActionChaos/Content/END_Starter/Mannequin/Textures/T_Manny_02_BN.ubulk" 836
"C:/Users/qtare/Perforce/qtareen_MSI_2539/12/MimicChest/ActionChaos/Content/END_Starter/Mannequin/Textures/T_Manny_02_BN.uasset" 837
"C:/Users/qtare/Perforce/qtareen_MSI_2539/12/MimicChest/ActionChaos/Content/END_Starter/Mannequin/Textures/T_Manny_02_BN.uexp" 838
"C:/Users/qtare/Perforce/qtareen_MSI_2539/12/MimicChest/ActionChaos/Content/END_Starter/Mannequin/Textures/T_Manny_02_ASAOPMASK_MSK.ubulk" 839
"C:/Users/qtare/Perforce/qtareen_MSI_2539/12/MimicChest/ActionChaos/Content/END_Starter/Mannequin/Textures/T_Manny_02_ASAOPMASK_MSK.uasset" 840
"C:/Users/qtare/Perforce/qtareen_MSI_2539/12/MimicChest/ActionChaos/Content/END_Starter/Mannequin/Textures/T_Manny_02_ASAOPMASK_MSK.uexp" 841
"C:/Users/qtare/Perforce/qtareen_MSI_2539/12/MimicChest/ActionChaos/Content/END_Starter/Mannequin/Textures/T_Manny_02_MSR_MSK.ubulk" 842
"C:/Users/qtare/Perforce/qtareen_MSI_2539/12/MimicChest/ActionChaos/Content/END_Starter/Mannequin/Textures/T_Manny_02_MSR_MSK.uasset" 843
"C:/Users/qtare/Perforce/qtareen_MSI_2539/12/MimicChest/ActionChaos/Content/END_Starter/Mannequin/Textures/T_Manny_02_MSR_MSK.uexp" 844
"C:/Users/qtare/Perforce/qtareen_MSI_2539/12/MimicChest/ActionChaos/Content/END_Starter/Mannequin/Materials/Instances/MI_Manny_02.uasset" 845
"C:/Users/qtare/Perforce/qtareen_MSI_2539/12/MimicChest/ActionChaos/Content/END_Starter/Mannequin/Materials/Instances/MI_Manny_02.uexp" 846
"C:/Users/qtare/Perforce/qtareen_MSI_2539/12/MimicChest/ActionChaos/Content/END_Starter/Mannequin/Meshes/SKM_Manny.uasset" 847
"C:/Users/qtare/Perforce/qtareen_MSI_2539/12/MimicChest/ActionChaos/Content/END_Starter/Mannequin/Meshes/SKM_Manny.uexp" 848
"C:/Users/qtare/Perforce/qtareen_MSI_2539/12/MimicChest/ActionChaos/Content/END_Starter/Mannequin/Animations/A_Death2_Ironsights.uasset" 849
"C:/Users/qtare/Perforce/qtareen_MSI_2539/12/MimicChest/ActionChaos/Content/END_Starter/Mannequin/Animations/A_Death2_Ironsights.uexp" 850
"C:/Users/qtare/Perforce/qtareen_MSI_2539/12/MimicChest/ActionChaos/Content/END_Starter/Mannequin/Animations/A_Fire_Ironsights.uasset" 851
"C:/Users/qtare/Perforce/qtareen_MSI_2539/12/MimicChest/ActionChaos/Content/END_Starter/Mannequin/Animations/A_Fire_Ironsights.uexp" 852
"C:/Users/qtare/Perforce/qtareen_MSI_2539/12/MimicChest/ActionChaos/Content/END_Starter/Mannequin/Animations/A_Death1_Ironsights.uasset" 853
"C:/Users/qtare/Perforce/qtareen_MSI_2539/12/MimicChest/ActionChaos/Content/END_Starter/Mannequin/Animations/A_Death1_Ironsights.uexp" 854
"C:/Users/qtare/Perforce/qtareen_MSI_2539/12/MimicChest/ActionChaos/Content/END_Starter/Mannequin/Animations/A_Reload_Ironsights.uasset" 855
"C:/Users/qtare/Perforce/qtareen_MSI_2539/12/MimicChest/ActionChaos/Content/END_Starter/Mannequin/Animations/A_Reload_Ironsights.uexp" 856
"C:/Users/qtare/Perforce/qtareen_MSI_2539/12/MimicChest/ActionChaos/Content/END_Starter/Mannequin/Animations/A_Hit_Ironsights.uasset" 857
"C:/Users/qtare/Perforce/qtareen_MSI_2539/12/MimicChest/ActionChaos/Content/END_Starter/Mannequin/Animations/A_Hit_Ironsights.uexp" 858
"C:/Users/qtare/Perforce/qtareen_MSI_2539/12/MimicChest/ActionChaos/Content/Utility/ABP_CharacterAnimation.uasset" 859
"C:/Users/qtare/Perforce/qtareen_MSI_2539/12/MimicChest/ActionChaos/Content/Utility/ABP_CharacterAnimation.uexp" 860
"C:/Users/qtare/Perforce/qtareen_MSI_2539/12/MimicChest/ActionChaos/Content/characters/player/BP_Player.uasset" 861
"C:/Users/qtare/Perforce/qtareen_MSI_2539/12/MimicChest/ActionChaos/Content/characters/player/BP_Player.uexp" 862
"../../../Engine/Content/BasicShapes/Cube.ubulk" 863
"../../../Engine/Content/BasicShapes/Cube.uasset" 864
"../../../Engine/Content/BasicShapes/Cube.uexp" 865
"../../../Engine/Content/BasicShapes/Plane.ubulk" 866
"../../../Engine/Content/BasicShapes/Plane.uasset" 867
"../../../Engine/Content/BasicShapes/Plane.uexp" 868
"../../../Engine/Content/EditorMeshes/ColorCalibrator/M_GreyBall.uasset" 869
"../../../Engine/Content/EditorMeshes/ColorCalibrator/M_GreyBall.uexp" 870
"C:/Users/qtare/Perforce/qtareen_MSI_2539/12/MimicChest/ActionChaos/Content/Environment/Materials/M_CeilingLight.uasset" 871
"C:/Users/qtare/Perforce/qtareen_MSI_2539/12/MimicChest/ActionChaos/Content/Environment/Materials/M_CeilingLight.uexp" 872
"C:/Users/qtare/Perforce/qtareen_MSI_2539/12/MimicChest/ActionChaos/Content/Environment/Materials/SM_Stairs.ubulk" 873
"C:/Users/qtare/Perforce/qtareen_MSI_2539/12/MimicChest/ActionChaos/Content/Environment/Materials/SM_Stairs.uasset" 874
"C:/Users/qtare/Perforce/qtareen_MSI_2539/12/MimicChest/ActionChaos/Content/Environment/Materials/SM_Stairs.uexp" 875
"C:/Users/qtare/Perforce/qtareen_MSI_2539/12/MimicChest/ActionChaos/Content/Environment/BP_GridNode.uasset" 876
"C:/Users/qtare/Perforce/qtareen_MSI_2539/12/MimicChest/ActionChaos/Content/Environment/BP_GridNode.uexp" 877
"C:/Users/qtare/Perforce/qtareen_MSI_2539/12/MimicChest/ActionChaos/Content/GameManagement/BP_GameController.uasset" 878
"C:/Users/qtare/Perforce/qtareen_MSI_2539/12/MimicChest/ActionChaos/Content/GameManagement/BP_GameController.uexp" 879
"C:/Users/qtare/Perforce/qtareen_MSI_2539/12/MimicChest/ActionChaos/Content/characters/enemies/AI/Blackboards/BB_Idle.uasset" 880
"C:/Users/qtare/Perforce/qtareen_MSI_2539/12/MimicChest/ActionChaos/Content/characters/enemies/AI/Blackboards/BB_Idle.uexp" 881
"C:/Users/qtare/Perforce/qtareen_MSI_2539/12/MimicChest/ActionChaos/Content/characters/enemies/AI/Blackboards/BB_Attack.uasset" 882
"C:/Users/qtare/Perforce/qtareen_MSI_2539/12/MimicChest/ActionChaos/Content/characters/enemies/AI/Blackboards/BB_Attack.uexp" 883
"C:/Users/qtare/Perforce/qtareen_MSI_2539/12/MimicChest/ActionChaos/Content/characters/enemies/AI/BehaviorTree/BT_Attack.uasset" 884
"C:/Users/qtare/Perforce/qtareen_MSI_2539/12/MimicChest/ActionChaos/Content/characters/enemies/AI/BehaviorTree/BT_Attack.uexp" 885
"C:/Users/qtare/Perforce/qtareen_MSI_2539/12/MimicChest/ActionChaos/Content/characters/enemies/AI/BehaviorTree/BT_Idle.uasset" 886
"C:/Users/qtare/Perforce/qtareen_MSI_2539/12/MimicChest/ActionChaos/Content/characters/enemies/AI/BehaviorTree/BT_Idle.uexp" 887
"C:/Users/qtare/Perforce/qtareen_MSI_2539/12/MimicChest/ActionChaos/Content/characters/enemies/AI/BehaviorTree/BT_BasicAI.uasset" 888
"C:/Users/qtare/Perforce/qtareen_MSI_2539/12/MimicChest/ActionChaos/Content/characters/enemies/AI/BehaviorTree/BT_BasicAI.uexp" 889
"C:/Users/qtare/Perforce/qtareen_MSI_2539/12/MimicChest/ActionChaos/Content/characters/enemies/AI/AIC_BasicEnemyController.uasset" 890
"C:/Users/qtare/Perforce/qtareen_MSI_2539/12/MimicChest/ActionChaos/Content/characters/enemies/AI/AIC_BasicEnemyController.uexp" 891
"C:/Users/qtare/Perforce/qtareen_MSI_2539/12/MimicChest/ActionChaos/Content/characters/enemies/BP_Grunt.uasset" 892
"C:/Users/qtare/Perforce/qtareen_MSI_2539/12/MimicChest/ActionChaos/Content/characters/enemies/BP_Grunt.uexp" 893
"C:/Users/qtare/Perforce/qtareen_MSI_2539/12/MimicChest/ActionChaos/Content/GameManagement/BP_Gamemode.uasset" 894
"C:/Users/qtare/Perforce/qtareen_MSI_2539/12/MimicChest/ActionChaos/Content/GameManagement/BP_Gamemode.uexp" 895
"../../../Engine/Content/EngineSky/T_Sky_Stars.ubulk" 896
"../../../Engine/Content/EngineSky/T_Sky_Stars.uasset" 897
"../../../Engine/Content/EngineSky/T_Sky_Stars.uexp" 898
"../../../Engine/Content/EngineSky/T_Sky_Clouds_M.ubulk" 899
"../../../Engine/Content/EngineSky/T_Sky_Clouds_M.uasset" 900
"../../../Engine/Content/EngineSky/T_Sky_Clouds_M.uexp" 901
"../../../Engine/Content/EngineSky/T_Sky_Blue.ubulk" 902
"../../../Engine/Content/EngineSky/T_Sky_Blue.uasset" 903
"../../../Engine/Content/EngineSky/T_Sky_Blue.uexp" 904
"../../../Engine/Content/EngineSky/M_Sky_Panning_Clouds2.uasset" 905
"../../../Engine/Content/EngineSky/M_Sky_Panning_Clouds2.uexp" 906
"../../../Engine/Content/EngineSky/SM_SkySphere.ubulk" 907
"../../../Engine/Content/EngineSky/SM_SkySphere.uasset" 908
"../../../Engine/Content/EngineSky/SM_SkySphere.uexp" 909
"../../../Engine/Content/MapTemplates/SM_Template_Map_Floor.ubulk" 910
"../../../Engine/Content/MapTemplates/SM_Template_Map_Floor.uasset" 911
"../../../Engine/Content/MapTemplates/SM_Template_Map_Floor.uexp" 912
"../../../Engine/Content/EngineSky/M_SimpleSkyDome.uasset" 913
"../../../Engine/Content/EngineSky/M_SimpleSkyDome.uexp" 914
"C:/Users/qtare/Perforce/qtareen_MSI_2539/12/MimicChest/ActionChaos/Content/Maps/TestingMap.uexp" 915
"C:/Users/qtare/Perforce/qtareen_MSI_2539/12/MimicChest/ActionChaos/Content/Maps/TestingMap.umap" 916
"../../../Engine/Content/EditorResources/Ai_Spawnpoint.ubulk" 917
"../../../Engine/Content/EditorResources/Ai_Spawnpoint.uasset" 918
"../../../Engine/Content/EditorResources/Ai_Spawnpoint.uexp" 919
"C:/Users/qtare/Perforce/qtareen_MSI_2539/12/MimicChest/ActionChaos/Content/materials/M_MainMenuImage.uasset" 920
"C:/Users/qtare/Perforce/qtareen_MSI_2539/12/MimicChest/ActionChaos/Content/materials/M_MainMenuImage.uexp" 921
"C:/Users/qtare/Perforce/qtareen_MSI_2539/12/MimicChest/ActionChaos/Content/Widgets/WBP_ButtonText.uasset" 922
"C:/Users/qtare/Perforce/qtareen_MSI_2539/12/MimicChest/ActionChaos/Content/Widgets/WBP_ButtonText.uexp" 923
"C:/Users/qtare/Perforce/qtareen_MSI_2539/12/MimicChest/ActionChaos/Content/Widgets/WBP_MainMenu.uasset" 924
"C:/Users/qtare/Perforce/qtareen_MSI_2539/12/MimicChest/ActionChaos/Content/Widgets/WBP_MainMenu.uexp" 925
"C:/Users/qtare/Perforce/qtareen_MSI_2539/12/MimicChest/ActionChaos/Content/GameManagement/BP_MenuController.uasset" 926
"C:/Users/qtare/Perforce/qtareen_MSI_2539/12/MimicChest/ActionChaos/Content/GameManagement/BP_MenuController.uexp" 927
"C:/Users/qtare/Perforce/qtareen_MSI_2539/12/MimicChest/ActionChaos/Content/GameManagement/BP_MenuGamemode.uasset" 928
"C:/Users/qtare/Perforce/qtareen_MSI_2539/12/MimicChest/ActionChaos/Content/GameManagement/BP_MenuGamemode.uexp" 929
"C:/Users/qtare/Perforce/qtareen_MSI_2539/12/MimicChest/ActionChaos/Content/Maps/MainMenu.uexp" 930
"C:/Users/qtare/Perforce/qtareen_MSI_2539/12/MimicChest/ActionChaos/Content/Maps/MainMenu.umap" 931
"../../../Engine/Content/Maps/Entry_BuiltData.uasset" 932
"../../../Engine/Content/Maps/Entry_BuiltData.uexp" 933
"../../../Engine/Content/Maps/Entry.uexp" 934
"../../../Engine/Content/Maps/Entry.umap" 935
